0 verbose cli C:\nvm4w\nodejs\node.exe C:\Users\M.S.Seshashayanan\AppData\Roaming\npm\node_modules\npm\bin\npm-cli.js
1 info using npm@11.6.4
2 info using node@v24.11.1
3 silly config load:file:C:\Users\M.S.Seshashayanan\AppData\Roaming\npm\node_modules\npm\npmrc
4 silly config load:file:c:\Users\M.S.Seshashayanan\Desktop\Google DeepMind\cd\.npmrc
5 silly config load:file:C:\Users\M.S.Seshashayanan\.npmrc
6 silly config load:file:C:\Users\M.S.Seshashayanan\AppData\Roaming\npm\etc\npmrc
7 verbose title npm install pptxgenjs
8 verbose argv "install" "pptxgenjs" "--legacy-peer-deps" "--cache" ".npm-cache"
9 verbose logfile logs-max:10 dir:c:\Users\M.S.Seshashayanan\Desktop\Google DeepMind\cd\.npm-cache\_logs\2025-12-11T19_52_44_588Z-
10 verbose logfile c:\Users\M.S.Seshashayanan\Desktop\Google DeepMind\cd\.npm-cache\_logs\2025-12-11T19_52_44_588Z-debug-0.log
11 silly logfile done cleaning log files
12 silly packumentCache heap:2348810240 maxSize:587202560 maxEntrySize:293601280
13 silly idealTree buildDeps
14 silly fetch manifest pptxgenjs@*
15 silly packumentCache full:https://registry.npmjs.org/pptxgenjs cache-miss
16 http cache https://registry.npmjs.org/pptxgenjs 540ms (cache hit)
17 silly packumentCache full:https://registry.npmjs.org/pptxgenjs set size:159430 disposed:false
18 silly placeDep ROOT pptxgenjs@4.0.1 OK for: cd@0.1.0 want: *
19 silly fetch manifest @types/node@^22.8.1
20 silly packumentCache full:https://registry.npmjs.org/@types%2fnode cache-miss
21 silly fetch manifest https@^1.0.0
22 silly packumentCache full:https://registry.npmjs.org/https cache-miss
23 silly fetch manifest image-size@^1.2.1
24 silly packumentCache full:https://registry.npmjs.org/image-size cache-miss
25 silly fetch manifest jszip@^3.10.1
26 silly packumentCache full:https://registry.npmjs.org/jszip cache-miss
27 http cache https://registry.npmjs.org/image-size 22ms (cache hit)
28 silly packumentCache full:https://registry.npmjs.org/image-size set size:155542 disposed:false
29 http cache https://registry.npmjs.org/https 29ms (cache hit)
30 silly packumentCache full:https://registry.npmjs.org/https set size:1631 disposed:false
31 http cache https://registry.npmjs.org/jszip 29ms (cache hit)
32 silly packumentCache full:https://registry.npmjs.org/jszip set size:98327 disposed:false
33 http cache https://registry.npmjs.org/@types%2fnode 63ms (cache hit)
34 silly packumentCache full:https://registry.npmjs.org/@types%2fnode set size:10711568 disposed:false
35 silly placeDep node_modules/pptxgenjs @types/node@22.19.2 OK for: pptxgenjs@4.0.1 want: ^22.8.1
36 silly placeDep ROOT https@1.0.0 OK for: pptxgenjs@4.0.1 want: ^1.0.0
37 silly placeDep ROOT image-size@1.2.1 OK for: pptxgenjs@4.0.1 want: ^1.2.1
38 silly placeDep ROOT jszip@3.10.1 OK for: pptxgenjs@4.0.1 want: ^3.10.1
39 silly fetch manifest undici-types@~6.21.0
40 silly packumentCache full:https://registry.npmjs.org/undici-types cache-miss
41 silly fetch manifest queue@6.0.2
42 silly packumentCache full:https://registry.npmjs.org/queue cache-miss
43 silly fetch manifest lie@~3.3.0
44 silly packumentCache full:https://registry.npmjs.org/lie cache-miss
45 silly fetch manifest pako@~1.0.2
46 silly packumentCache full:https://registry.npmjs.org/pako cache-miss
47 silly fetch manifest setimmediate@^1.0.5
48 silly packumentCache full:https://registry.npmjs.org/setimmediate cache-miss
49 silly fetch manifest readable-stream@~2.3.6
50 silly packumentCache full:https://registry.npmjs.org/readable-stream cache-miss
51 http cache https://registry.npmjs.org/queue 27ms (cache hit)
52 silly packumentCache full:https://registry.npmjs.org/queue set size:76287 disposed:false
53 http cache https://registry.npmjs.org/lie 34ms (cache hit)
54 silly packumentCache full:https://registry.npmjs.org/lie set size:93874 disposed:false
55 http cache https://registry.npmjs.org/undici-types 40ms (cache hit)
56 silly packumentCache full:https://registry.npmjs.org/undici-types set size:148959 disposed:false
57 http cache https://registry.npmjs.org/readable-stream 39ms (cache hit)
58 silly packumentCache full:https://registry.npmjs.org/readable-stream set size:261096 disposed:false
59 http cache https://registry.npmjs.org/setimmediate 43ms (cache hit)
60 silly packumentCache full:https://registry.npmjs.org/setimmediate set size:17282 disposed:false
61 http cache https://registry.npmjs.org/pako 46ms (cache hit)
62 silly packumentCache full:https://registry.npmjs.org/pako set size:74234 disposed:false
63 silly placeDep ROOT queue@6.0.2 OK for: image-size@1.2.1 want: 6.0.2
64 silly placeDep ROOT lie@3.3.0 OK for: jszip@3.10.1 want: ~3.3.0
65 silly placeDep ROOT pako@1.0.11 OK for: jszip@3.10.1 want: ~1.0.2
66 silly placeDep node_modules/jszip readable-stream@2.3.8 OK for: jszip@3.10.1 want: ~2.3.6
67 silly placeDep ROOT setimmediate@1.0.5 OK for: jszip@3.10.1 want: ^1.0.5
68 silly fetch manifest immediate@~3.0.5
69 silly packumentCache full:https://registry.npmjs.org/immediate cache-miss
70 silly fetch manifest isarray@~1.0.0
71 silly packumentCache full:https://registry.npmjs.org/isarray cache-miss
72 silly fetch manifest safe-buffer@~5.1.1
73 silly packumentCache full:https://registry.npmjs.org/safe-buffer cache-miss
74 silly fetch manifest string_decoder@~1.1.1
75 silly packumentCache full:https://registry.npmjs.org/string_decoder cache-miss
76 http cache https://registry.npmjs.org/immediate 23ms (cache hit)
77 silly packumentCache full:https://registry.npmjs.org/immediate set size:66460 disposed:false
78 http cache https://registry.npmjs.org/safe-buffer 25ms (cache hit)
79 silly packumentCache full:https://registry.npmjs.org/safe-buffer set size:41183 disposed:false
80 http cache https://registry.npmjs.org/isarray 27ms (cache hit)
81 silly packumentCache full:https://registry.npmjs.org/isarray set size:17392 disposed:false
82 http cache https://registry.npmjs.org/string_decoder 28ms (cache hit)
83 silly packumentCache full:https://registry.npmjs.org/string_decoder set size:28441 disposed:false
84 silly placeDep ROOT immediate@3.0.6 OK for: lie@3.3.0 want: ~3.0.5
85 silly placeDep node_modules/jszip isarray@1.0.0 OK for: readable-stream@2.3.8 want: ~1.0.0
86 silly placeDep node_modules/jszip safe-buffer@5.1.2 OK for: readable-stream@2.3.8 want: ~5.1.1
87 silly placeDep node_modules/jszip string_decoder@1.1.1 OK for: readable-stream@2.3.8 want: ~1.1.1
88 silly placeDep node_modules/pptxgenjs undici-types@6.21.0 OK for: @types/node@22.19.2 want: ~6.21.0
89 silly reify moves {}
90 silly audit bulk request {
90 silly audit   '@adobe/css-tools': [ '4.4.4' ],
90 silly audit   '@alloc/quick-lru': [ '5.2.0' ],
90 silly audit   '@babel/code-frame': [ '7.27.1' ],
90 silly audit   '@babel/compat-data': [ '7.28.5' ],
90 silly audit   '@babel/core': [ '7.28.5' ],
90 silly audit   semver: [ '6.3.1', '7.7.3' ],
90 silly audit   '@babel/eslint-parser': [ '7.28.5' ],
90 silly audit   'eslint-visitor-keys': [ '2.1.0', '3.4.3' ],
90 silly audit   '@babel/generator': [ '7.28.5' ],
90 silly audit   '@babel/helper-annotate-as-pure': [ '7.27.3' ],
90 silly audit   '@babel/helper-compilation-targets': [ '7.27.2' ],
90 silly audit   '@babel/helper-create-class-features-plugin': [ '7.28.5' ],
90 silly audit   '@babel/helper-create-regexp-features-plugin': [ '7.28.5' ],
90 silly audit   '@babel/helper-define-polyfill-provider': [ '0.6.5' ],
90 silly audit   '@babel/helper-globals': [ '7.28.0' ],
90 silly audit   '@babel/helper-member-expression-to-functions': [ '7.28.5' ],
90 silly audit   '@babel/helper-module-imports': [ '7.27.1' ],
90 silly audit   '@babel/helper-module-transforms': [ '7.28.3' ],
90 silly audit   '@babel/helper-optimise-call-expression': [ '7.27.1' ],
90 silly audit   '@babel/helper-plugin-utils': [ '7.27.1' ],
90 silly audit   '@babel/helper-remap-async-to-generator': [ '7.27.1' ],
90 silly audit   '@babel/helper-replace-supers': [ '7.27.1' ],
90 silly audit   '@babel/helper-skip-transparent-expression-wrappers': [ '7.27.1' ],
90 silly audit   '@babel/helper-string-parser': [ '7.27.1' ],
90 silly audit   '@babel/helper-validator-identifier': [ '7.28.5' ],
90 silly audit   '@babel/helper-validator-option': [ '7.27.1' ],
90 silly audit   '@babel/helper-wrap-function': [ '7.28.3' ],
90 silly audit   '@babel/helpers': [ '7.28.4' ],
90 silly audit   '@babel/parser': [ '7.28.5' ],
90 silly audit   '@babel/plugin-bugfix-firefox-class-in-computed-class-key': [ '7.28.5' ],
90 silly audit   '@babel/plugin-bugfix-safari-class-field-initializer-scope': [ '7.27.1' ],
90 silly audit   '@babel/plugin-bugfix-safari-id-destructuring-collision-in-function-expression': [ '7.27.1' ],
90 silly audit   '@babel/plugin-bugfix-v8-spread-parameters-in-optional-chaining': [ '7.27.1' ],
90 silly audit   '@babel/plugin-bugfix-v8-static-class-fields-redefine-readonly': [ '7.28.3' ],
90 silly audit   '@babel/plugin-proposal-class-properties': [ '7.18.6' ],
90 silly audit   '@babel/plugin-proposal-decorators': [ '7.28.0' ],
90 silly audit   '@babel/plugin-proposal-nullish-coalescing-operator': [ '7.18.6' ],
90 silly audit   '@babel/plugin-proposal-numeric-separator': [ '7.18.6' ],
90 silly audit   '@babel/plugin-proposal-optional-chaining': [ '7.21.0' ],
90 silly audit   '@babel/plugin-proposal-private-methods': [ '7.18.6' ],
90 silly audit   '@babel/plugin-proposal-private-property-in-object': [ '7.21.0-placeholder-for-preset-env.2', '7.21.11' ],
90 silly audit   '@babel/plugin-syntax-async-generators': [ '7.8.4' ],
90 silly audit   '@babel/plugin-syntax-bigint': [ '7.8.3' ],
90 silly audit   '@babel/plugin-syntax-class-properties': [ '7.12.13' ],
90 silly audit   '@babel/plugin-syntax-class-static-block': [ '7.14.5' ],
90 silly audit   '@babel/plugin-syntax-decorators': [ '7.27.1' ],
90 silly audit   '@babel/plugin-syntax-flow': [ '7.27.1' ],
90 silly audit   '@babel/plugin-syntax-import-assertions': [ '7.27.1' ],
90 silly audit   '@babel/plugin-syntax-import-attributes': [ '7.27.1' ],
90 silly audit   '@babel/plugin-syntax-import-meta': [ '7.10.4' ],
90 silly audit   '@babel/plugin-syntax-json-strings': [ '7.8.3' ],
90 silly audit   '@babel/plugin-syntax-jsx': [ '7.27.1' ],
90 silly audit   '@babel/plugin-syntax-logical-assignment-operators': [ '7.10.4' ],
90 silly audit   '@babel/plugin-syntax-nullish-coalescing-operator': [ '7.8.3' ],
90 silly audit   '@babel/plugin-syntax-numeric-separator': [ '7.10.4' ],
90 silly audit   '@babel/plugin-syntax-object-rest-spread': [ '7.8.3' ],
90 silly audit   '@babel/plugin-syntax-optional-catch-binding': [ '7.8.3' ],
90 silly audit   '@babel/plugin-syntax-optional-chaining': [ '7.8.3' ],
90 silly audit   '@babel/plugin-syntax-private-property-in-object': [ '7.14.5' ],
90 silly audit   '@babel/plugin-syntax-top-level-await': [ '7.14.5' ],
90 silly audit   '@babel/plugin-syntax-typescript': [ '7.27.1' ],
90 silly audit   '@babel/plugin-syntax-unicode-sets-regex': [ '7.18.6' ],
90 silly audit   '@babel/plugin-transform-arrow-functions': [ '7.27.1' ],
90 silly audit   '@babel/plugin-transform-async-generator-functions': [ '7.28.0' ],
90 silly audit   '@babel/plugin-transform-async-to-generator': [ '7.27.1' ],
90 silly audit   '@babel/plugin-transform-block-scoped-functions': [ '7.27.1' ],
90 silly audit   '@babel/plugin-transform-block-scoping': [ '7.28.5' ],
90 silly audit   '@babel/plugin-transform-class-properties': [ '7.27.1' ],
90 silly audit   '@babel/plugin-transform-class-static-block': [ '7.28.3' ],
90 silly audit   '@babel/plugin-transform-classes': [ '7.28.4' ],
90 silly audit   '@babel/plugin-transform-computed-properties': [ '7.27.1' ],
90 silly audit   '@babel/plugin-transform-destructuring': [ '7.28.5' ],
90 silly audit   '@babel/plugin-transform-dotall-regex': [ '7.27.1' ],
90 silly audit   '@babel/plugin-transform-duplicate-keys': [ '7.27.1' ],
90 silly audit   '@babel/plugin-transform-duplicate-named-capturing-groups-regex': [ '7.27.1' ],
90 silly audit   '@babel/plugin-transform-dynamic-import': [ '7.27.1' ],
90 silly audit   '@babel/plugin-transform-explicit-resource-management': [ '7.28.0' ],
90 silly audit   '@babel/plugin-transform-exponentiation-operator': [ '7.28.5' ],
90 silly audit   '@babel/plugin-transform-export-namespace-from': [ '7.27.1' ],
90 silly audit   '@babel/plugin-transform-flow-strip-types': [ '7.27.1' ],
90 silly audit   '@babel/plugin-transform-for-of': [ '7.27.1' ],
90 silly audit   '@babel/plugin-transform-function-name': [ '7.27.1' ],
90 silly audit   '@babel/plugin-transform-json-strings': [ '7.27.1' ],
90 silly audit   '@babel/plugin-transform-literals': [ '7.27.1' ],
90 silly audit   '@babel/plugin-transform-logical-assignment-operators': [ '7.28.5' ],
90 silly audit   '@babel/plugin-transform-member-expression-literals': [ '7.27.1' ],
90 silly audit   '@babel/plugin-transform-modules-amd': [ '7.27.1' ],
90 silly audit   '@babel/plugin-transform-modules-commonjs': [ '7.27.1' ],
90 silly audit   '@babel/plugin-transform-modules-systemjs': [ '7.28.5' ],
90 silly audit   '@babel/plugin-transform-modules-umd': [ '7.27.1' ],
90 silly audit   '@babel/plugin-transform-named-capturing-groups-regex': [ '7.27.1' ],
90 silly audit   '@babel/plugin-transform-new-target': [ '7.27.1' ],
90 silly audit   '@babel/plugin-transform-nullish-coalescing-operator': [ '7.27.1' ],
90 silly audit   '@babel/plugin-transform-numeric-separator': [ '7.27.1' ],
90 silly audit   '@babel/plugin-transform-object-rest-spread': [ '7.28.4' ],
90 silly audit   '@babel/plugin-transform-object-super': [ '7.27.1' ],
90 silly audit   '@babel/plugin-transform-optional-catch-binding': [ '7.27.1' ],
90 silly audit   '@babel/plugin-transform-optional-chaining': [ '7.28.5' ],
90 silly audit   '@babel/plugin-transform-parameters': [ '7.27.7' ],
90 silly audit   '@babel/plugin-transform-private-methods': [ '7.27.1' ],
90 silly audit   '@babel/plugin-transform-private-property-in-object': [ '7.27.1' ],
90 silly audit   '@babel/plugin-transform-property-literals': [ '7.27.1' ],
90 silly audit   '@babel/plugin-transform-react-constant-elements': [ '7.27.1' ],
90 silly audit   '@babel/plugin-transform-react-display-name': [ '7.28.0' ],
90 silly audit   '@babel/plugin-transform-react-jsx': [ '7.27.1' ],
90 silly audit   '@babel/plugin-transform-react-jsx-development': [ '7.27.1' ],
90 silly audit   '@babel/plugin-transform-react-pure-annotations': [ '7.27.1' ],
90 silly audit   '@babel/plugin-transform-regenerator': [ '7.28.4' ],
90 silly audit   '@babel/plugin-transform-regexp-modifiers': [ '7.27.1' ],
90 silly audit   '@babel/plugin-transform-reserved-words': [ '7.27.1' ],
90 silly audit   '@babel/plugin-transform-runtime': [ '7.28.5' ],
90 silly audit   '@babel/plugin-transform-shorthand-properties': [ '7.27.1' ],
90 silly audit   '@babel/plugin-transform-spread': [ '7.27.1' ],
90 silly audit   '@babel/plugin-transform-sticky-regex': [ '7.27.1' ],
90 silly audit   '@babel/plugin-transform-template-literals': [ '7.27.1' ],
90 silly audit   '@babel/plugin-transform-typeof-symbol': [ '7.27.1' ],
90 silly audit   '@babel/plugin-transform-typescript': [ '7.28.5' ],
90 silly audit   '@babel/plugin-transform-unicode-escapes': [ '7.27.1' ],
90 silly audit   '@babel/plugin-transform-unicode-property-regex': [ '7.27.1' ],
90 silly audit   '@babel/plugin-transform-unicode-regex': [ '7.27.1' ],
90 silly audit   '@babel/plugin-transform-unicode-sets-regex': [ '7.27.1' ],
90 silly audit   '@babel/preset-env': [ '7.28.5' ],
90 silly audit   '@babel/preset-modules': [ '0.1.6-no-external-plugins' ],
90 silly audit   '@babel/preset-react': [ '7.28.5' ],
90 silly audit   '@babel/preset-typescript': [ '7.28.5' ],
90 silly audit   '@babel/runtime': [ '7.28.4' ],
90 silly audit   '@babel/template': [ '7.27.2' ],
90 silly audit   '@babel/traverse': [ '7.28.5' ],
90 silly audit   '@babel/types': [ '7.28.5' ],
90 silly audit   '@bcoe/v8-coverage': [ '0.2.3' ],
90 silly audit   '@csstools/normalize.css': [ '12.1.1' ],
90 silly audit   '@csstools/postcss-cascade-layers': [ '1.1.1' ],
90 silly audit   '@csstools/postcss-color-function': [ '1.1.1' ],
90 silly audit   '@csstools/postcss-font-format-keywords': [ '1.0.1' ],
90 silly audit   '@csstools/postcss-hwb-function': [ '1.0.2' ],
90 silly audit   '@csstools/postcss-ic-unit': [ '1.0.1' ],
90 silly audit   '@csstools/postcss-is-pseudo-class': [ '2.0.7' ],
90 silly audit   '@csstools/postcss-nested-calc': [ '1.0.0' ],
90 silly audit   '@csstools/postcss-normalize-display-values': [ '1.0.1' ],
90 silly audit   '@csstools/postcss-oklab-function': [ '1.1.1' ],
90 silly audit   '@csstools/postcss-progressive-custom-properties': [ '1.3.0' ],
90 silly audit   '@csstools/postcss-stepped-value-functions': [ '1.0.1' ],
90 silly audit   '@csstools/postcss-text-decoration-shorthand': [ '1.0.0' ],
90 silly audit   '@csstools/postcss-trigonometric-functions': [ '1.0.2' ],
90 silly audit   '@csstools/postcss-unset-value': [ '1.0.2' ],
90 silly audit   '@csstools/selector-specificity': [ '2.2.0' ],
90 silly audit   '@eslint-community/eslint-utils': [ '4.9.0' ],
90 silly audit   '@eslint-community/regexpp': [ '4.12.2' ],
90 silly audit   '@eslint/eslintrc': [ '2.1.4' ],
90 silly audit   argparse: [ '2.0.1', '1.0.10' ],
90 silly audit   'js-yaml': [ '4.1.1', '3.14.2' ],
90 silly audit   '@eslint/js': [ '8.57.1' ],
90 silly audit   '@google/generative-ai': [ '0.21.0' ],
90 silly audit   '@humanwhocodes/config-array': [ '0.13.0' ],
90 silly audit   '@humanwhocodes/module-importer': [ '1.0.1' ],
90 silly audit   '@humanwhocodes/object-schema': [ '2.0.3' ],
90 silly audit   '@istanbuljs/load-nyc-config': [ '1.1.0' ],
90 silly audit   camelcase: [ '5.3.1', '6.3.0' ],
90 silly audit   '@istanbuljs/schema': [ '0.1.3' ],
90 silly audit   '@jest/console': [ '27.5.1', '28.1.3' ],
90 silly audit   '@jest/core': [ '27.5.1' ],
90 silly audit   '@jest/environment': [ '27.5.1' ],
90 silly audit   '@jest/fake-timers': [ '27.5.1' ],
90 silly audit   '@jest/globals': [ '27.5.1' ],
90 silly audit   '@jest/reporters': [ '27.5.1' ],
90 silly audit   'source-map': [ '0.6.1', '0.7.6', '0.8.0-beta.0' ],
90 silly audit   '@jest/schemas': [ '28.1.3' ],
90 silly audit   '@jest/source-map': [ '27.5.1' ],
90 silly audit   '@jest/test-result': [ '27.5.1', '28.1.3' ],
90 silly audit   '@jest/test-sequencer': [ '27.5.1' ],
90 silly audit   '@jest/transform': [ '27.5.1' ],
90 silly audit   'convert-source-map': [ '1.9.0', '2.0.0' ],
90 silly audit   '@jest/types': [ '27.5.1', '28.1.3' ],
90 silly audit   '@jridgewell/gen-mapping': [ '0.3.13' ],
90 silly audit   '@jridgewell/remapping': [ '2.3.5' ],
90 silly audit   '@jridgewell/resolve-uri': [ '3.1.2' ],
90 silly audit   '@jridgewell/source-map': [ '0.3.11' ],
90 silly audit   '@jridgewell/sourcemap-codec': [ '1.5.5' ],
90 silly audit   '@jridgewell/trace-mapping': [ '0.3.31' ],
90 silly audit   '@leichtgewicht/ip-codec': [ '2.0.5' ],
90 silly audit   '@napi-rs/canvas': [ '0.1.84' ],
90 silly audit   '@napi-rs/canvas-android-arm64': [ '0.1.84' ],
90 silly audit   '@napi-rs/canvas-darwin-arm64': [ '0.1.84' ],
90 silly audit   '@napi-rs/canvas-darwin-x64': [ '0.1.84' ],
90 silly audit   '@napi-rs/canvas-linux-arm-gnueabihf': [ '0.1.84' ],
90 silly audit   '@napi-rs/canvas-linux-arm64-gnu': [ '0.1.84' ],
90 silly audit   '@napi-rs/canvas-linux-arm64-musl': [ '0.1.84' ],
90 silly audit   '@napi-rs/canvas-linux-riscv64-gnu': [ '0.1.84' ],
90 silly audit   '@napi-rs/canvas-linux-x64-gnu': [ '0.1.84' ],
90 silly audit   '@napi-rs/canvas-linux-x64-musl': [ '0.1.84' ],
90 silly audit   '@napi-rs/canvas-win32-x64-msvc': [ '0.1.84' ],
90 silly audit   '@nicolo-ribaudo/eslint-scope-5-internals': [ '5.1.1-v1' ],
90 silly audit   'eslint-scope': [ '5.1.1', '7.2.2' ],
90 silly audit   estraverse: [ '4.3.0', '5.3.0' ],
90 silly audit   '@nodelib/fs.scandir': [ '2.1.5' ],
90 silly audit   '@nodelib/fs.stat': [ '2.0.5' ],
90 silly audit   '@nodelib/fs.walk': [ '1.2.8' ],
90 silly audit   '@pmmmwh/react-refresh-webpack-plugin': [ '0.5.17' ],
90 silly audit   'loader-utils': [ '2.0.4', '3.2.1', '3.3.1' ],
90 silly audit   '@react-leaflet/core': [ '3.0.0' ],
90 silly audit   '@rollup/plugin-babel': [ '5.3.1' ],
90 silly audit   '@rollup/plugin-node-resolve': [ '11.2.1' ],
90 silly audit   '@rollup/plugin-replace': [ '2.4.2' ],
90 silly audit   '@rollup/pluginutils': [ '3.1.0' ],
90 silly audit   '@types/estree': [ '0.0.39', '1.0.8' ],
90 silly audit   '@rtsao/scc': [ '1.1.0' ],
90 silly audit   '@rushstack/eslint-patch': [ '1.15.0' ],
90 silly audit   '@sinclair/typebox': [ '0.24.51' ],
90 silly audit   '@sinonjs/commons': [ '1.8.6' ],
90 silly audit   '@sinonjs/fake-timers': [ '8.1.0' ],
90 silly audit   '@surma/rollup-plugin-off-main-thread': [ '2.2.3' ],
90 silly audit   '@svgr/babel-plugin-add-jsx-attribute': [ '5.4.0' ],
90 silly audit   '@svgr/babel-plugin-remove-jsx-attribute': [ '5.4.0' ],
90 silly audit   '@svgr/babel-plugin-remove-jsx-empty-expression': [ '5.0.1' ],
90 silly audit   '@svgr/babel-plugin-replace-jsx-attribute-value': [ '5.0.1' ],
90 silly audit   '@svgr/babel-plugin-svg-dynamic-title': [ '5.4.0' ],
90 silly audit   '@svgr/babel-plugin-svg-em-dimensions': [ '5.4.0' ],
90 silly audit   '@svgr/babel-plugin-transform-react-native-svg': [ '5.4.0' ],
90 silly audit   '@svgr/babel-plugin-transform-svg-component': [ '5.5.0' ],
90 silly audit   '@svgr/babel-preset': [ '5.5.0' ],
90 silly audit   '@svgr/core': [ '5.5.0' ],
90 silly audit   '@svgr/hast-util-to-babel-ast': [ '5.5.0' ],
90 silly audit   '@svgr/plugin-jsx': [ '5.5.0' ],
90 silly audit   '@svgr/plugin-svgo': [ '5.5.0' ],
90 silly audit   '@svgr/webpack': [ '5.5.0' ],
90 silly audit   '@testing-library/dom': [ '10.4.1' ],
90 silly audit   'aria-query': [ '5.3.0', '5.3.2' ],
90 silly audit   '@testing-library/jest-dom': [ '6.9.1' ],
90 silly audit   'dom-accessibility-api': [ '0.6.3', '0.5.16' ],
90 silly audit   '@testing-library/react': [ '16.3.0' ],
90 silly audit   '@testing-library/user-event': [ '13.5.0' ],
90 silly audit   '@tootallnate/once': [ '1.1.2' ],
90 silly audit   '@trysound/sax': [ '0.2.0' ],
90 silly audit   '@types/aria-query': [ '5.0.4' ],
90 silly audit   '@types/babel__core': [ '7.20.5' ],
90 silly audit   '@types/babel__generator': [ '7.27.0' ],
90 silly audit   '@types/babel__template': [ '7.4.4' ],
90 silly audit   '@types/babel__traverse': [ '7.28.0' ],
90 silly audit   '@types/body-parser': [ '1.19.6' ],
90 silly audit   '@types/bonjour': [ '3.5.13' ],
90 silly audit   '@types/connect': [ '3.4.38' ],
90 silly audit   '@types/connect-history-api-fallback': [ '1.5.4' ],
90 silly audit   '@types/cookie': [ '0.6.0' ],
90 silly audit   '@types/eslint': [ '8.56.12' ],
90 silly audit   '@types/eslint-scope': [ '3.7.7' ],
90 silly audit   '@types/express': [ '4.17.25' ],
90 silly audit   '@types/express-serve-static-core': [ '5.1.0', '4.19.7' ],
90 silly audit   '@types/graceful-fs': [ '4.1.9' ],
90 silly audit   '@types/hoist-non-react-statics': [ '3.3.7' ],
90 silly audit   '@types/html-minifier-terser': [ '6.1.0' ],
90 silly audit   '@types/http-errors': [ '2.0.5' ],
90 silly audit   '@types/http-proxy': [ '1.17.17' ],
90 silly audit   '@types/istanbul-lib-coverage': [ '2.0.6' ],
90 silly audit   '@types/istanbul-lib-report': [ '3.0.3' ],
90 silly audit   '@types/istanbul-reports': [ '3.0.4' ],
90 silly audit   '@types/json-schema': [ '7.0.15' ],
90 silly audit   '@types/json5': [ '0.0.29' ],
90 silly audit   '@types/mime': [ '1.3.5' ],
90 silly audit   '@types/node': [ '25.0.0', '22.19.2' ],
90 silly audit   '@types/node-forge': [ '1.3.14' ],
90 silly audit   '@types/parse-json': [ '4.0.2' ],
90 silly audit   '@types/prettier': [ '2.7.3' ],
90 silly audit   '@types/prop-types': [ '15.7.15' ],
90 silly audit   '@types/q': [ '1.5.8' ],
90 silly audit   '@types/qs': [ '6.14.0' ],
90 silly audit   '@types/range-parser': [ '1.2.7' ],
90 silly audit   '@types/react': [ '18.2.38' ],
90 silly audit   '@types/react-dom': [ '18.2.15' ],
90 silly audit   '@types/react-redux': [ '7.1.34' ],
90 silly audit   '@types/resolve': [ '1.17.1' ],
90 silly audit   '@types/retry': [ '0.12.0' ],
90 silly audit   '@types/scheduler': [ '0.26.0' ],
90 silly audit   '@types/semver': [ '7.7.1' ],
90 silly audit   '@types/send': [ '1.2.1', '0.17.6' ],
90 silly audit   '@types/serve-index': [ '1.9.4' ],
90 silly audit   '@types/serve-static': [ '1.15.10' ],
90 silly audit   '@types/sockjs': [ '0.3.36' ],
90 silly audit   '@types/stack-utils': [ '2.0.3' ],
90 silly audit   '@types/trusted-types': [ '2.0.7' ],
90 silly audit   '@types/ws': [ '8.18.1' ],
90 silly audit   '@types/yargs': [ '16.0.11', '17.0.35' ],
90 silly audit   '@types/yargs-parser': [ '21.0.3' ],
90 silly audit   '@typescript-eslint/eslint-plugin': [ '5.62.0' ],
90 silly audit   '@typescript-eslint/experimental-utils': [ '5.62.0' ],
90 silly audit   '@typescript-eslint/parser': [ '5.62.0' ],
90 silly audit   '@typescript-eslint/scope-manager': [ '5.62.0' ],
90 silly audit   '@typescript-eslint/type-utils': [ '5.62.0' ],
90 silly audit   '@typescript-eslint/types': [ '5.62.0' ],
90 silly audit   '@typescript-eslint/typescript-estree': [ '5.62.0' ],
90 silly audit   '@typescript-eslint/utils': [ '5.62.0' ],
90 silly audit   '@typescript-eslint/visitor-keys': [ '5.62.0' ],
90 silly audit   '@ungap/structured-clone': [ '1.3.0' ],
90 silly audit   '@webassemblyjs/ast': [ '1.14.1' ],
90 silly audit   '@webassemblyjs/floating-point-hex-parser': [ '1.13.2' ],
90 silly audit   '@webassemblyjs/helper-api-error': [ '1.13.2' ],
90 silly audit   '@webassemblyjs/helper-buffer': [ '1.14.1' ],
90 silly audit   '@webassemblyjs/helper-numbers': [ '1.13.2' ],
90 silly audit   '@webassemblyjs/helper-wasm-bytecode': [ '1.13.2' ],
90 silly audit   '@webassemblyjs/helper-wasm-section': [ '1.14.1' ],
90 silly audit   '@webassemblyjs/ieee754': [ '1.13.2' ],
90 silly audit   '@webassemblyjs/leb128': [ '1.13.2' ],
90 silly audit   '@webassemblyjs/utf8': [ '1.13.2' ],
90 silly audit   '@webassemblyjs/wasm-edit': [ '1.14.1' ],
90 silly audit   '@webassemblyjs/wasm-gen': [ '1.14.1' ],
90 silly audit   '@webassemblyjs/wasm-opt': [ '1.14.1' ],
90 silly audit   '@webassemblyjs/wasm-parser': [ '1.14.1' ],
90 silly audit   '@webassemblyjs/wast-printer': [ '1.14.1' ],
90 silly audit   '@wojtekmaj/date-utils': [ '1.5.1' ],
90 silly audit   '@xtuc/ieee754': [ '1.2.0' ],
90 silly audit   '@xtuc/long': [ '4.2.2' ],
90 silly audit   abab: [ '2.0.6' ],
90 silly audit   accepts: [ '1.3.8' ],
90 silly audit   negotiator: [ '0.6.3', '0.6.4' ],
90 silly audit   acorn: [ '8.15.0', '7.4.1' ],
90 silly audit   'acorn-globals': [ '6.0.0' ],
90 silly audit   'acorn-import-phases': [ '1.0.4' ],
90 silly audit   'acorn-jsx': [ '5.3.2' ],
90 silly audit   'acorn-walk': [ '7.2.0' ],
90 silly audit   address: [ '1.2.2' ],
90 silly audit   'adjust-sourcemap-loader': [ '4.0.0' ],
90 silly audit   'agent-base': [ '6.0.2' ],
90 silly audit   ajv: [ '6.12.6', '8.17.1' ],
90 silly audit   'ajv-formats': [ '2.1.1' ],
90 silly audit   'json-schema-traverse': [ '1.0.0', '0.4.1' ],
90 silly audit   'ajv-keywords': [ '3.5.2', '5.1.0' ],
90 silly audit   'ansi-escapes': [ '4.3.2' ],
90 silly audit   'type-fest': [ '0.21.3', '0.16.0', '0.20.2' ],
90 silly audit   'ansi-html': [ '0.0.9' ],
90 silly audit   'ansi-html-community': [ '0.0.8' ],
90 silly audit   'ansi-regex': [ '5.0.1', '6.2.2' ],
90 silly audit   'ansi-styles': [ '4.3.0', '3.2.1', '5.2.0' ],
90 silly audit   'any-promise': [ '1.3.0' ],
90 silly audit   anymatch: [ '3.1.3' ],
90 silly audit   arg: [ '5.0.2' ],
90 silly audit   'array-buffer-byte-length': [ '1.0.2' ],
90 silly audit   'array-flatten': [ '1.1.1' ],
90 silly audit   'array-includes': [ '3.1.9' ],
90 silly audit   'array-union': [ '2.1.0' ],
90 silly audit   'array.prototype.findlast': [ '1.2.5' ],
90 silly audit   'array.prototype.findlastindex': [ '1.2.6' ],
90 silly audit   'array.prototype.flat': [ '1.3.3' ],
90 silly audit   'array.prototype.flatmap': [ '1.3.3' ],
90 silly audit   'array.prototype.reduce': [ '1.0.8' ],
90 silly audit   'array.prototype.tosorted': [ '1.1.4' ],
90 silly audit   'arraybuffer.prototype.slice': [ '1.0.4' ],
90 silly audit   asap: [ '2.0.6' ],
90 silly audit   'ast-types-flow': [ '0.0.8' ],
90 silly audit   async: [ '3.2.6' ],
90 silly audit   'async-function': [ '1.0.0' ],
90 silly audit   asynckit: [ '0.4.0' ],
90 silly audit   'at-least-node': [ '1.0.0' ],
90 silly audit   autoprefixer: [ '10.4.22' ],
90 silly audit   'available-typed-arrays': [ '1.0.7' ],
90 silly audit   'axe-core': [ '4.11.0' ],
90 silly audit   axios: [ '1.8.4' ],
90 silly audit   'form-data': [ '4.0.5', '3.0.4' ],
90 silly audit   'axobject-query': [ '4.1.0' ],
90 silly audit   'babel-jest': [ '27.5.1' ],
90 silly audit   'babel-loader': [ '8.4.1' ],
90 silly audit   'schema-utils': [ '2.7.1', '3.3.0', '2.7.0', '4.3.3' ],
90 silly audit   'babel-plugin-istanbul': [ '6.1.1' ],
90 silly audit   'babel-plugin-jest-hoist': [ '27.5.1' ],
90 silly audit   'babel-plugin-macros': [ '3.1.0' ],
90 silly audit   'babel-plugin-named-asset-import': [ '0.3.8' ],
90 silly audit   'babel-plugin-polyfill-corejs2': [ '0.4.14' ],
90 silly audit   'babel-plugin-polyfill-corejs3': [ '0.13.0' ],
90 silly audit   'babel-plugin-polyfill-regenerator': [ '0.6.5' ],
90 silly audit   'babel-plugin-transform-react-remove-prop-types': [ '0.4.24' ],
90 silly audit   'babel-preset-current-node-syntax': [ '1.2.0' ],
90 silly audit   'babel-preset-jest': [ '27.5.1' ],
90 silly audit   'babel-preset-react-app': [ '10.1.0' ],
90 silly audit   'balanced-match': [ '1.0.2' ],
90 silly audit   'baseline-browser-mapping': [ '2.9.6' ],
90 silly audit   batch: [ '0.6.1' ],
90 silly audit   bfj: [ '7.1.0' ],
90 silly audit   'big.js': [ '5.2.2' ],
90 silly audit   'binary-extensions': [ '2.3.0' ],
90 silly audit   bluebird: [ '3.7.2' ],
90 silly audit   'body-parser': [ '1.20.4' ],
90 silly audit   debug: [ '2.6.9', '4.4.3', '3.2.7' ],
90 silly audit   'iconv-lite': [ '0.4.24', '0.6.3' ],
90 silly audit   ms: [ '2.0.0', '2.1.3' ],
90 silly audit   'bonjour-service': [ '1.3.0' ],
90 silly audit   boolbase: [ '1.0.0' ],
90 silly audit   'brace-expansion': [ '1.1.12', '2.0.2' ],
90 silly audit   braces: [ '3.0.3' ],
90 silly audit   'browser-process-hrtime': [ '1.0.0' ],
90 silly audit   browserslist: [ '4.28.1' ],
90 silly audit   bser: [ '2.1.1' ],
90 silly audit   'buffer-from': [ '1.1.2' ],
90 silly audit   'builtin-modules': [ '3.3.0' ],
90 silly audit   bytes: [ '3.1.2' ],
90 silly audit   'call-bind': [ '1.0.8' ],
90 silly audit   'call-bind-apply-helpers': [ '1.0.2' ],
90 silly audit   'call-bound': [ '1.0.4' ],
90 silly audit   callsites: [ '3.1.0' ],
90 silly audit   'camel-case': [ '4.1.2' ],
90 silly audit   'camelcase-css': [ '2.0.1' ],
90 silly audit   'caniuse-api': [ '3.0.0' ],
90 silly audit   'caniuse-lite': [ '1.0.30001760' ],
90 silly audit   'case-sensitive-paths-webpack-plugin': [ '2.4.0' ],
90 silly audit   chalk: [ '4.1.2', '2.4.2' ],
90 silly audit   'char-regex': [ '1.0.2', '2.0.2' ],
90 silly audit   'check-types': [ '11.2.3' ],
90 silly audit   chokidar: [ '3.6.0' ],
90 silly audit   'glob-parent': [ '5.1.2', '6.0.2' ],
90 silly audit   'chrome-trace-event': [ '1.0.4' ],
90 silly audit   'ci-info': [ '3.9.0' ],
90 silly audit   'cjs-module-lexer': [ '1.4.3' ],
90 silly audit   'clean-css': [ '5.3.3' ],
90 silly audit   cliui: [ '7.0.4' ],
90 silly audit   clsx: [ '2.1.1' ],
90 silly audit   co: [ '4.6.0' ],
90 silly audit   coa: [ '2.0.2' ],
90 silly audit   'color-convert': [ '1.9.3', '2.0.1' ],
90 silly audit   'color-name': [ '1.1.3', '1.1.4' ],
90 silly audit   'escape-string-regexp': [ '1.0.5', '4.0.0', '2.0.0' ],
90 silly audit   'has-flag': [ '3.0.0', '4.0.0' ],
90 silly audit   'supports-color': [ '5.5.0', '8.1.1', '7.2.0' ],
90 silly audit   'collect-v8-coverage': [ '1.0.3' ],
90 silly audit   colord: [ '2.9.3' ],
90 silly audit   colorette: [ '2.0.20' ],
90 silly audit   'combined-stream': [ '1.0.8' ],
90 silly audit   commander: [ '8.3.0', '7.2.0', '4.1.1', '2.20.3' ],
90 silly audit   'common-tags': [ '1.8.2' ],
90 silly audit   commondir: [ '1.0.1' ],
90 silly audit   compressible: [ '2.0.18' ],
90 silly audit   compression: [ '1.8.1' ],
90 silly audit   'concat-map': [ '0.0.1' ],
90 silly audit   'confusing-browser-globals': [ '1.0.11' ],
90 silly audit   'connect-history-api-fallback': [ '2.0.0' ],
90 silly audit   'content-disposition': [ '0.5.4' ],
90 silly audit   'content-type': [ '1.0.5' ],
90 silly audit   cookie: [ '0.7.2', '1.1.1' ],
90 silly audit   'cookie-signature': [ '1.0.7' ],
90 silly audit   'core-js': [ '3.47.0' ],
90 silly audit   'core-js-compat': [ '3.47.0' ],
90 silly audit   'core-js-pure': [ '3.47.0' ],
90 silly audit   'core-util-is': [ '1.0.3' ],
90 silly audit   cosmiconfig: [ '7.1.0', '6.0.0' ],
90 silly audit   'cross-spawn': [ '7.0.6' ],
90 silly audit   'crypto-random-string': [ '2.0.0' ],
90 silly audit   'css-blank-pseudo': [ '3.0.3' ],
90 silly audit   'css-box-model': [ '1.2.1' ],
90 silly audit   'css-declaration-sorter': [ '6.4.1' ],
90 silly audit   'css-has-pseudo': [ '3.0.4' ],
90 silly audit   'css-loader': [ '6.11.0' ],
90 silly audit   'css-minimizer-webpack-plugin': [ '3.4.1' ],
90 silly audit   'css-prefers-color-scheme': [ '6.0.3' ],
90 silly audit   'css-select': [ '4.3.0', '2.1.0' ],
90 silly audit   'css-select-base-adapter': [ '0.1.1' ],
90 silly audit   'css-tree': [ '1.0.0-alpha.37', '1.1.3' ],
90 silly audit   'css-what': [ '6.2.2', '3.4.2' ],
90 silly audit   'css.escape': [ '1.5.1' ],
90 silly audit   cssdb: [ '7.11.2' ],
90 silly audit   cssesc: [ '3.0.0' ],
90 silly audit   cssnano: [ '5.1.15' ],
90 silly audit   'cssnano-preset-default': [ '5.2.14' ],
90 silly audit   'cssnano-utils': [ '3.1.0' ],
90 silly audit   csso: [ '4.2.0' ],
90 silly audit   'mdn-data': [ '2.0.14', '2.0.4' ],
90 silly audit   cssom: [ '0.4.4', '0.3.8' ],
90 silly audit   cssstyle: [ '2.3.0' ],
90 silly audit   csstype: [ '3.2.3' ],
90 silly audit   'damerau-levenshtein': [ '1.0.8' ],
90 silly audit   'data-urls': [ '2.0.0' ],
90 silly audit   'data-view-buffer': [ '1.0.2' ],
90 silly audit   'data-view-byte-length': [ '1.0.2' ],
90 silly audit   'data-view-byte-offset': [ '1.0.1' ],
90 silly audit   'decimal.js': [ '10.6.0' ],
90 silly audit   dedent: [ '0.7.0' ],
90 silly audit   'deep-is': [ '0.1.4' ],
90 silly audit   deepmerge: [ '4.3.1' ],
90 silly audit   'default-gateway': [ '6.0.3' ],
90 silly audit   'define-data-property': [ '1.1.4' ],
90 silly audit   'define-lazy-prop': [ '2.0.0' ],
90 silly audit   'define-properties': [ '1.2.1' ],
90 silly audit   'delayed-stream': [ '1.0.0' ],
90 silly audit   depd: [ '2.0.0', '1.1.2' ],
90 silly audit   dequal: [ '2.0.3' ],
90 silly audit   destroy: [ '1.2.0' ],
90 silly audit   'detect-newline': [ '3.1.0' ],
90 silly audit   'detect-node': [ '2.1.0' ],
90 silly audit   'detect-port-alt': [ '1.1.6' ],
90 silly audit   didyoumean: [ '1.2.2' ],
90 silly audit   'diff-sequences': [ '27.5.1' ],
90 silly audit   'dir-glob': [ '3.0.1' ],
90 silly audit   dlv: [ '1.1.3' ],
90 silly audit   'dns-packet': [ '5.6.1' ],
90 silly audit   doctrine: [ '3.0.0', '2.1.0' ],
90 silly audit   'dom-converter': [ '0.2.0' ],
90 silly audit   'dom-serializer': [ '1.4.1', '0.2.2' ],
90 silly audit   domelementtype: [ '2.3.0', '1.3.1' ],
90 silly audit   domexception: [ '2.0.1' ],
90 silly audit   'webidl-conversions': [ '5.0.0', '6.1.0', '4.0.2' ],
90 silly audit   domhandler: [ '4.3.1' ],
90 silly audit   domutils: [ '2.8.0', '1.7.0' ],
90 silly audit   'dot-case': [ '3.0.4' ],
90 silly audit   dotenv: [ '16.4.7', '10.0.0' ],
90 silly audit   'dotenv-expand': [ '5.1.0' ],
90 silly audit   'dunder-proto': [ '1.0.1' ],
90 silly audit   duplexer: [ '0.1.2' ],
90 silly audit   'ee-first': [ '1.1.1' ],
90 silly audit   ejs: [ '3.1.10' ],
90 silly audit   'electron-to-chromium': [ '1.5.267' ],
90 silly audit   emittery: [ '0.8.1', '0.10.2' ],
90 silly audit   'emoji-regex': [ '9.2.2', '8.0.0' ],
90 silly audit   'emojis-list': [ '3.0.0' ],
90 silly audit   encodeurl: [ '2.0.0', '1.0.2' ],
90 silly audit   'enhanced-resolve': [ '5.18.3' ],
90 silly audit   entities: [ '2.2.0' ],
90 silly audit   'error-ex': [ '1.3.4' ],
90 silly audit   'error-stack-parser': [ '2.1.4' ],
90 silly audit   'es-abstract': [ '1.24.0' ],
90 silly audit   'es-array-method-boxes-properly': [ '1.0.0' ],
90 silly audit   'es-define-property': [ '1.0.1' ],
90 silly audit   'es-errors': [ '1.3.0' ],
90 silly audit   'es-iterator-helpers': [ '1.2.1' ],
90 silly audit   'es-module-lexer': [ '1.7.0' ],
90 silly audit   'es-object-atoms': [ '1.1.1' ],
90 silly audit   'es-set-tostringtag': [ '2.1.0' ],
90 silly audit   'es-shim-unscopables': [ '1.1.0' ],
90 silly audit   'es-to-primitive': [ '1.3.0' ],
90 silly audit   escalade: [ '3.2.0' ],
90 silly audit   'escape-html': [ '1.0.3' ],
90 silly audit   escodegen: [ '2.1.0', '1.14.3' ],
90 silly audit   eslint: [ '8.57.1' ],
90 silly audit   'eslint-config-react-app': [ '7.0.1' ],
90 silly audit   'eslint-import-resolver-node': [ '0.3.9' ],
90 silly audit   'eslint-module-utils': [ '2.12.1' ],
90 silly audit   'eslint-plugin-flowtype': [ '8.0.3' ],
90 silly audit   'eslint-plugin-import': [ '2.32.0' ],
90 silly audit   'eslint-plugin-jest': [ '25.7.0' ],
90 silly audit   'eslint-plugin-jsx-a11y': [ '6.10.2' ],
90 silly audit   'eslint-plugin-react': [ '7.37.5' ],
90 silly audit   'eslint-plugin-react-hooks': [ '4.6.2' ],
90 silly audit   resolve: [ '2.0.0-next.5', '1.22.11' ],
90 silly audit   'eslint-plugin-testing-library': [ '5.11.1' ],
90 silly audit   'eslint-webpack-plugin': [ '3.2.0' ],
90 silly audit   'jest-worker': [ '28.1.3', '27.5.1', '26.6.2' ],
90 silly audit   'find-up': [ '5.0.0', '4.1.0', '3.0.0' ],
90 silly audit   'locate-path': [ '6.0.0', '5.0.0', '3.0.0' ],
90 silly audit   'p-limit': [ '3.1.0', '2.3.0' ],
90 silly audit   'p-locate': [ '5.0.0', '4.1.0', '3.0.0' ],
90 silly audit   espree: [ '9.6.1' ],
90 silly audit   esprima: [ '4.0.1', '1.2.2' ],
90 silly audit   esquery: [ '1.6.0' ],
90 silly audit   esrecurse: [ '4.3.0' ],
90 silly audit   'estree-walker': [ '1.0.1' ],
90 silly audit   esutils: [ '2.0.3' ],
90 silly audit   etag: [ '1.8.1' ],
90 silly audit   eventemitter3: [ '4.0.7' ],
90 silly audit   events: [ '3.3.0' ],
90 silly audit   execa: [ '5.1.1' ],
90 silly audit   exit: [ '0.1.2' ],
90 silly audit   expect: [ '27.5.1' ],
90 silly audit   express: [ '4.22.1' ],
90 silly audit   'fast-deep-equal': [ '3.1.3' ],
90 silly audit   'fast-glob': [ '3.3.3' ],
90 silly audit   'fast-json-stable-stringify': [ '2.1.0' ],
90 silly audit   'fast-levenshtein': [ '2.0.6' ],
90 silly audit   'fast-uri': [ '3.1.0' ],
90 silly audit   fastq: [ '1.19.1' ],
90 silly audit   'faye-websocket': [ '0.11.4' ],
90 silly audit   'fb-watchman': [ '2.0.2' ],
90 silly audit   'file-entry-cache': [ '6.0.1' ],
90 silly audit   'file-loader': [ '6.2.0' ],
90 silly audit   filelist: [ '1.0.4' ],
90 silly audit   minimatch: [ '5.1.6', '3.1.2' ],
90 silly audit   filesize: [ '8.0.7' ],
90 silly audit   'fill-range': [ '7.1.1' ],
90 silly audit   finalhandler: [ '1.3.2' ],
90 silly audit   'find-cache-dir': [ '3.3.2' ],
90 silly audit   'flat-cache': [ '3.2.0' ],
90 silly audit   flatted: [ '3.3.3' ],
90 silly audit   'follow-redirects': [ '1.15.11' ],
90 silly audit   'for-each': [ '0.3.5' ],
90 silly audit   'fork-ts-checker-webpack-plugin': [ '6.5.3' ],
90 silly audit   'fs-extra': [ '9.1.0', '10.1.0' ],
90 silly audit   tapable: [ '1.1.3', '2.3.0' ],
90 silly audit   forwarded: [ '0.2.0' ],
90 silly audit   'fraction.js': [ '5.3.4' ],
90 silly audit   fresh: [ '0.5.2' ],
90 silly audit   'fs-monkey': [ '1.1.0' ],
90 silly audit   'fs.realpath': [ '1.0.0' ],
90 silly audit   fsevents: [ '2.3.3' ],
90 silly audit   'function-bind': [ '1.1.2' ],
90 silly audit   'function.prototype.name': [ '1.1.8' ],
90 silly audit   'functions-have-names': [ '1.2.3' ],
90 silly audit   'generator-function': [ '2.0.1' ],
90 silly audit   gensync: [ '1.0.0-beta.2' ],
90 silly audit   'get-caller-file': [ '2.0.5' ],
90 silly audit   'get-intrinsic': [ '1.3.0' ],
90 silly audit   'get-own-enumerable-property-symbols': [ '3.0.2' ],
90 silly audit   'get-package-type': [ '0.1.0' ],
90 silly audit   'get-proto': [ '1.0.1' ],
90 silly audit   'get-stream': [ '6.0.1' ],
90 silly audit   'get-symbol-description': [ '1.1.0' ],
90 silly audit   'get-user-locale': [ '2.3.2' ],
90 silly audit   glob: [ '7.2.3' ],
90 silly audit   'glob-to-regexp': [ '0.4.1' ],
90 silly audit   'global-modules': [ '2.0.0' ],
90 silly audit   'global-prefix': [ '3.0.0' ],
90 silly audit   which: [ '1.3.1', '2.0.2' ],
90 silly audit   globals: [ '13.24.0' ],
90 silly audit   globalthis: [ '1.0.4' ],
90 silly audit   globby: [ '11.1.0' ],
90 silly audit   gopd: [ '1.2.0' ],
90 silly audit   'graceful-fs': [ '4.2.11' ],
90 silly audit   graphemer: [ '1.4.0' ],
90 silly audit   'gzip-size': [ '6.0.0' ],
90 silly audit   'handle-thing': [ '2.0.1' ],
90 silly audit   'harmony-reflect': [ '1.6.2' ],
90 silly audit   'has-bigints': [ '1.1.0' ],
90 silly audit   'has-property-descriptors': [ '1.0.2' ],
90 silly audit   'has-proto': [ '1.2.0' ],
90 silly audit   'has-symbols': [ '1.1.0' ],
90 silly audit   'has-tostringtag': [ '1.0.2' ],
90 silly audit   hasown: [ '2.0.2' ],
90 silly audit   haversine: [ '1.1.1' ],
90 silly audit   he: [ '1.2.0' ],
90 silly audit   'hoist-non-react-statics': [ '3.3.2' ],
90 silly audit   'react-is': [ '16.13.1', '18.3.1', '17.0.2' ],
90 silly audit   hoopy: [ '0.1.4' ],
90 silly audit   'hpack.js': [ '2.1.6' ],
90 silly audit   isarray: [ '1.0.0', '2.0.5' ],
90 silly audit   'readable-stream': [ '2.3.8', '3.6.2' ],
90 silly audit   'safe-buffer': [ '5.1.2', '5.2.1' ],
90 silly audit   string_decoder: [ '1.1.1', '1.3.0' ],
90 silly audit   'html-encoding-sniffer': [ '2.0.1' ],
90 silly audit   'html-entities': [ '2.6.0' ],
90 silly audit   'html-escaper': [ '2.0.2' ],
90 silly audit   'html-minifier-terser': [ '6.1.0' ],
90 silly audit   'html-webpack-plugin': [ '5.6.5' ],
90 silly audit   htmlparser2: [ '6.1.0' ],
90 silly audit   'http-deceiver': [ '1.2.7' ],
90 silly audit   'http-errors': [ '2.0.1', '2.0.0', '1.6.3' ],
90 silly audit   'http-parser-js': [ '0.5.10' ],
90 silly audit   'http-proxy': [ '1.18.1' ],
90 silly audit   'http-proxy-agent': [ '4.0.1' ],
90 silly audit   'http-proxy-middleware': [ '2.0.9' ],
90 silly audit   'https-proxy-agent': [ '5.0.1' ],
90 silly audit   'human-signals': [ '2.1.0' ],
90 silly audit   'icss-utils': [ '5.1.0' ],
90 silly audit   idb: [ '7.1.1' ],
90 silly audit   'identity-obj-proxy': [ '3.0.0' ],
90 silly audit   ignore: [ '5.3.2' ],
90 silly audit   immer: [ '9.0.21' ],
90 silly audit   'import-fresh': [ '3.3.1' ],
90 silly audit   'resolve-from': [ '4.0.0', '5.0.0' ],
90 silly audit   'import-local': [ '3.2.0' ],
90 silly audit   imurmurhash: [ '0.1.4' ],
90 silly audit   'indent-string': [ '4.0.0' ],
90 silly audit   inflight: [ '1.0.6' ],
90 silly audit   inherits: [ '2.0.4', '2.0.3' ],
90 silly audit   ini: [ '1.3.8' ],
90 silly audit   'internal-slot': [ '1.1.0' ],
90 silly audit   'ipaddr.js': [ '2.3.0', '1.9.1' ],
90 silly audit   'is-array-buffer': [ '3.0.5' ],
90 silly audit   'is-arrayish': [ '0.2.1' ],
90 silly audit   'is-async-function': [ '2.1.1' ],
90 silly audit   'is-bigint': [ '1.1.0' ],
90 silly audit   'is-binary-path': [ '2.1.0' ],
90 silly audit   'is-boolean-object': [ '1.2.2' ],
90 silly audit   'is-callable': [ '1.2.7' ],
90 silly audit   'is-core-module': [ '2.16.1' ],
90 silly audit   'is-data-view': [ '1.0.2' ],
90 silly audit   'is-date-object': [ '1.1.0' ],
90 silly audit   'is-docker': [ '2.2.1' ],
90 silly audit   'is-extglob': [ '2.1.1' ],
90 silly audit   'is-finalizationregistry': [ '1.1.1' ],
90 silly audit   'is-fullwidth-code-point': [ '3.0.0' ],
90 silly audit   'is-generator-fn': [ '2.1.0' ],
90 silly audit   'is-generator-function': [ '1.1.2' ],
90 silly audit   'is-glob': [ '4.0.3' ],
90 silly audit   'is-map': [ '2.0.3' ],
90 silly audit   'is-module': [ '1.0.0' ],
90 silly audit   'is-negative-zero': [ '2.0.3' ],
90 silly audit   'is-number': [ '7.0.0' ],
90 silly audit   'is-number-object': [ '1.1.1' ],
90 silly audit   'is-obj': [ '1.0.1' ],
90 silly audit   'is-path-inside': [ '3.0.3' ],
90 silly audit   'is-plain-obj': [ '3.0.0' ],
90 silly audit   'is-potential-custom-element-name': [ '1.0.1' ],
90 silly audit   'is-regex': [ '1.2.1' ],
90 silly audit   'is-regexp': [ '1.0.0' ],
90 silly audit   'is-root': [ '2.1.0' ],
90 silly audit   'is-set': [ '2.0.3' ],
90 silly audit   'is-shared-array-buffer': [ '1.0.4' ],
90 silly audit   'is-stream': [ '2.0.1' ],
90 silly audit   'is-string': [ '1.1.1' ],
90 silly audit   'is-symbol': [ '1.1.1' ],
90 silly audit   'is-typed-array': [ '1.1.15' ],
90 silly audit   'is-typedarray': [ '1.0.0' ],
90 silly audit   'is-weakmap': [ '2.0.2' ],
90 silly audit   'is-weakref': [ '1.1.1' ],
90 silly audit   'is-weakset': [ '2.0.4' ],
90 silly audit   'is-wsl': [ '2.2.0' ],
90 silly audit   isexe: [ '2.0.0' ],
90 silly audit   'istanbul-lib-coverage': [ '3.2.2' ],
90 silly audit   'istanbul-lib-instrument': [ '5.2.1' ],
90 silly audit   'istanbul-lib-report': [ '3.0.1' ],
90 silly audit   'make-dir': [ '4.0.0', '3.1.0' ],
90 silly audit   'istanbul-lib-source-maps': [ '4.0.1' ],
90 silly audit   'istanbul-reports': [ '3.2.0' ],
90 silly audit   'iterator.prototype': [ '1.1.5' ],
90 silly audit   jake: [ '10.9.4' ],
90 silly audit   jest: [ '27.5.1' ],
90 silly audit   'jest-changed-files': [ '27.5.1' ],
90 silly audit   'jest-circus': [ '27.5.1' ],
90 silly audit   'jest-cli': [ '27.5.1' ],
90 silly audit   'jest-config': [ '27.5.1' ],
90 silly audit   'jest-diff': [ '27.5.1' ],
90 silly audit   'jest-docblock': [ '27.5.1' ],
90 silly audit   'jest-each': [ '27.5.1' ],
90 silly audit   'jest-environment-jsdom': [ '27.5.1' ],
90 silly audit   'jest-environment-node': [ '27.5.1' ],
90 silly audit   'jest-get-type': [ '27.5.1' ],
90 silly audit   'jest-haste-map': [ '27.5.1' ],
90 silly audit   'jest-jasmine2': [ '27.5.1' ],
90 silly audit   'jest-leak-detector': [ '27.5.1' ],
90 silly audit   'jest-matcher-utils': [ '27.5.1' ],
90 silly audit   'jest-message-util': [ '27.5.1', '28.1.3' ],
90 silly audit   'jest-mock': [ '27.5.1' ],
90 silly audit   'jest-pnp-resolver': [ '1.2.3' ],
90 silly audit   'jest-regex-util': [ '27.5.1', '28.0.2' ],
90 silly audit   'jest-resolve': [ '27.5.1' ],
90 silly audit   'jest-resolve-dependencies': [ '27.5.1' ],
90 silly audit   'jest-runner': [ '27.5.1' ],
90 silly audit   'jest-runtime': [ '27.5.1' ],
90 silly audit   'jest-serializer': [ '27.5.1' ],
90 silly audit   'jest-snapshot': [ '27.5.1' ],
90 silly audit   'jest-util': [ '27.5.1', '28.1.3' ],
90 silly audit   'jest-validate': [ '27.5.1' ],
90 silly audit   'jest-watch-typeahead': [ '1.1.0' ],
90 silly audit   slash: [ '3.0.0', '4.0.0' ],
90 silly audit   'jest-watcher': [ '28.1.3', '27.5.1' ],
90 silly audit   'string-length': [ '4.0.2', '5.0.1' ],
90 silly audit   'strip-ansi': [ '6.0.1', '7.1.2' ],
90 silly audit   'pretty-format': [ '28.1.3', '27.5.1' ],
90 silly audit   jiti: [ '1.21.7' ],
90 silly audit   'js-tokens': [ '4.0.0' ],
90 silly audit   jsdom: [ '16.7.0' ],
90 silly audit   jsesc: [ '3.1.0' ],
90 silly audit   'json-buffer': [ '3.0.1' ],
90 silly audit   'json-parse-even-better-errors': [ '2.3.1' ],
90 silly audit   'json-schema': [ '0.4.0' ],
90 silly audit   'json-stable-stringify-without-jsonify': [ '1.0.1' ],
90 silly audit   json5: [ '2.2.3', '1.0.2' ],
90 silly audit   jsonfile: [ '6.2.0' ],
90 silly audit   jsonpath: [ '1.1.1' ],
90 silly audit   jsonpointer: [ '5.0.1' ],
90 silly audit   'jsx-ast-utils': [ '3.3.5' ],
90 silly audit   keyv: [ '4.5.4' ],
90 silly audit   'kind-of': [ '6.0.3' ],
90 silly audit   kleur: [ '3.0.3' ],
90 silly audit   klona: [ '2.0.6' ],
90 silly audit   'language-subtag-registry': [ '0.3.23' ],
90 silly audit   'language-tags': [ '1.0.9' ],
90 silly audit   'launch-editor': [ '2.12.0' ],
90 silly audit   leaflet: [ '1.9.4' ],
90 silly audit   leven: [ '3.1.0' ],
90 silly audit   levn: [ '0.4.1', '0.3.0' ],
90 silly audit   lilconfig: [ '2.1.0', '3.1.3' ],
90 silly audit   'lines-and-columns': [ '1.2.4' ],
90 silly audit   'loader-runner': [ '4.3.1' ],
90 silly audit   lodash: [ '4.17.21' ],
90 silly audit   'lodash.debounce': [ '4.0.8' ],
90 silly audit   'lodash.memoize': [ '4.1.2' ],
90 silly audit   'lodash.merge': [ '4.6.2' ],
90 silly audit   'lodash.sortby': [ '4.7.0' ],
90 silly audit   'lodash.uniq': [ '4.5.0' ],
90 silly audit   'loose-envify': [ '1.4.0' ],
90 silly audit   'lower-case': [ '2.0.2' ],
90 silly audit   'lru-cache': [ '5.1.1' ],
90 silly audit   'lucide-react': [ '0.469.0' ],
90 silly audit   'lz-string': [ '1.5.0' ],
90 silly audit   'magic-string': [ '0.25.9' ],
90 silly audit   makeerror: [ '1.0.12' ],
90 silly audit   'map-age-cleaner': [ '0.1.3' ],
90 silly audit   'math-intrinsics': [ '1.1.0' ],
90 silly audit   'media-typer': [ '0.3.0' ],
90 silly audit   mem: [ '8.1.1' ],
90 silly audit   'mimic-fn': [ '3.1.0', '2.1.0' ],
90 silly audit   memfs: [ '3.5.3' ],
90 silly audit   'memoize-one': [ '5.2.1' ],
90 silly audit   'merge-descriptors': [ '1.0.3' ],
90 silly audit   'merge-stream': [ '2.0.0' ],
90 silly audit   merge2: [ '1.4.1' ],
90 silly audit   methods: [ '1.1.2' ],
90 silly audit   micromatch: [ '4.0.8' ],
90 silly audit   mime: [ '1.6.0' ],
90 silly audit   'mime-db': [ '1.52.0' ],
90 silly audit   'mime-types': [ '2.1.35' ],
90 silly audit   'min-indent': [ '1.0.1' ],
90 silly audit   'mini-css-extract-plugin': [ '2.9.4' ],
90 silly audit   'minimalistic-assert': [ '1.0.1' ],
90 silly audit   minimist: [ '1.2.8' ],
90 silly audit   mkdirp: [ '0.5.6' ],
90 silly audit   'multicast-dns': [ '7.2.5' ],
90 silly audit   mz: [ '2.7.0' ],
90 silly audit   nanoid: [ '3.3.11' ],
90 silly audit   'natural-compare': [ '1.4.0' ],
90 silly audit   'natural-compare-lite': [ '1.4.0' ],
90 silly audit   'neo-async': [ '2.6.2' ],
90 silly audit   'no-case': [ '3.0.4' ],
90 silly audit   'node-forge': [ '1.3.3' ],
90 silly audit   'node-int64': [ '0.4.0' ],
90 silly audit   'node-releases': [ '2.0.27' ],
90 silly audit   'normalize-path': [ '3.0.0' ],
90 silly audit   'normalize-range': [ '0.1.2' ],
90 silly audit   'normalize-url': [ '6.1.0' ],
90 silly audit   'npm-run-path': [ '4.0.1' ],
90 silly audit   'nth-check': [ '2.1.1', '1.0.2' ],
90 silly audit   nwsapi: [ '2.2.23' ],
90 silly audit   'object-assign': [ '4.1.1' ],
90 silly audit   'object-hash': [ '3.0.0' ],
90 silly audit   'object-inspect': [ '1.13.4' ],
90 silly audit   'object-keys': [ '1.1.1' ],
90 silly audit   'object.assign': [ '4.1.7' ],
90 silly audit   'object.entries': [ '1.1.9' ],
90 silly audit   'object.fromentries': [ '2.0.8' ],
90 silly audit   'object.getownpropertydescriptors': [ '2.1.9' ],
90 silly audit   'object.groupby': [ '1.0.3' ],
90 silly audit   'object.values': [ '1.2.1' ],
90 silly audit   obuf: [ '1.1.2' ],
90 silly audit   'on-finished': [ '2.4.1' ],
90 silly audit   'on-headers': [ '1.1.0' ],
90 silly audit   once: [ '1.4.0' ],
90 silly audit   onetime: [ '5.1.2' ],
90 silly audit   open: [ '8.4.2' ],
90 silly audit   optionator: [ '0.9.4', '0.8.3' ],
90 silly audit   'own-keys': [ '1.0.1' ],
90 silly audit   'p-defer': [ '1.0.0' ],
90 silly audit   'p-retry': [ '4.6.2' ],
90 silly audit   'p-try': [ '2.2.0' ],
90 silly audit   'param-case': [ '3.0.4' ],
90 silly audit   'parent-module': [ '1.0.1' ],
90 silly audit   'parse-json': [ '5.2.0' ],
90 silly audit   parse5: [ '6.0.1' ],
90 silly audit   parseurl: [ '1.3.3' ],
90 silly audit   'pascal-case': [ '3.1.2' ],
90 silly audit   'path-exists': [ '4.0.0', '3.0.0' ],
90 silly audit   'path-is-absolute': [ '1.0.1' ],
90 silly audit   'path-key': [ '3.1.1' ],
90 silly audit   'path-parse': [ '1.0.7' ],
90 silly audit   'path-to-regexp': [ '0.1.12' ],
90 silly audit   'path-type': [ '4.0.0' ],
90 silly audit   'pdfjs-dist': [ '4.10.38' ],
90 silly audit   'performance-now': [ '2.1.0' ],
90 silly audit   picocolors: [ '1.1.1', '0.2.1' ],
90 silly audit   picomatch: [ '2.3.1', '4.0.3' ],
90 silly audit   pify: [ '2.3.0' ],
90 silly audit   pirates: [ '4.0.7' ],
90 silly audit   'pkg-dir': [ '4.2.0' ],
90 silly audit   'pkg-up': [ '3.1.0' ],
90 silly audit   'possible-typed-array-names': [ '1.1.0' ],
90 silly audit   postcss: [ '8.5.6', '7.0.39' ],
90 silly audit   'postcss-attribute-case-insensitive': [ '5.0.2' ],
90 silly audit   'postcss-browser-comments': [ '4.0.0' ],
90 silly audit   'postcss-calc': [ '8.2.4' ],
90 silly audit   'postcss-clamp': [ '4.1.0' ],
90 silly audit   'postcss-color-functional-notation': [ '4.2.4' ],
90 silly audit   'postcss-color-hex-alpha': [ '8.0.4' ],
90 silly audit   'postcss-color-rebeccapurple': [ '7.1.1' ],
90 silly audit   'postcss-colormin': [ '5.3.1' ],
90 silly audit   'postcss-convert-values': [ '5.1.3' ],
90 silly audit   'postcss-custom-media': [ '8.0.2' ],
90 silly audit   'postcss-custom-properties': [ '12.1.11' ],
90 silly audit   'postcss-custom-selectors': [ '6.0.3' ],
90 silly audit   'postcss-dir-pseudo-class': [ '6.0.5' ],
90 silly audit   'postcss-discard-comments': [ '5.1.2' ],
90 silly audit   'postcss-discard-duplicates': [ '5.1.0' ],
90 silly audit   'postcss-discard-empty': [ '5.1.1' ],
90 silly audit   'postcss-discard-overridden': [ '5.1.0' ],
90 silly audit   'postcss-double-position-gradients': [ '3.1.2' ],
90 silly audit   'postcss-env-function': [ '4.0.6' ],
90 silly audit   'postcss-flexbugs-fixes': [ '5.0.2' ],
90 silly audit   'postcss-focus-visible': [ '6.0.4' ],
90 silly audit   'postcss-focus-within': [ '5.0.4' ],
90 silly audit   'postcss-font-variant': [ '5.0.0' ],
90 silly audit   'postcss-gap-properties': [ '3.0.5' ],
90 silly audit   'postcss-image-set-function': [ '4.0.7' ],
90 silly audit   'postcss-import': [ '15.1.0' ],
90 silly audit   'postcss-initial': [ '4.0.1' ],
90 silly audit   'postcss-js': [ '4.1.0' ],
90 silly audit   'postcss-lab-function': [ '4.2.1' ],
90 silly audit   'postcss-loader': [ '6.2.1' ],
90 silly audit   'postcss-logical': [ '5.0.4' ],
90 silly audit   'postcss-media-minmax': [ '5.0.0' ],
90 silly audit   'postcss-merge-longhand': [ '5.1.7' ],
90 silly audit   'postcss-merge-rules': [ '5.1.4' ],
90 silly audit   'postcss-minify-font-values': [ '5.1.0' ],
90 silly audit   'postcss-minify-gradients': [ '5.1.1' ],
90 silly audit   'postcss-minify-params': [ '5.1.4' ],
90 silly audit   'postcss-minify-selectors': [ '5.2.1' ],
90 silly audit   'postcss-modules-extract-imports': [ '3.1.0' ],
90 silly audit   'postcss-modules-local-by-default': [ '4.2.0' ],
90 silly audit   'postcss-selector-parser': [ '7.1.1', '6.1.2' ],
90 silly audit   'postcss-modules-scope': [ '3.2.1' ],
90 silly audit   'postcss-modules-values': [ '4.0.0' ],
90 silly audit   'postcss-nested': [ '6.2.0' ],
90 silly audit   'postcss-nesting': [ '10.2.0' ],
90 silly audit   'postcss-normalize': [ '10.0.1' ],
90 silly audit   'postcss-normalize-charset': [ '5.1.0' ],
90 silly audit   'postcss-normalize-display-values': [ '5.1.0' ],
90 silly audit   'postcss-normalize-positions': [ '5.1.1' ],
90 silly audit   'postcss-normalize-repeat-style': [ '5.1.1' ],
90 silly audit   'postcss-normalize-string': [ '5.1.0' ],
90 silly audit   'postcss-normalize-timing-functions': [ '5.1.0' ],
90 silly audit   'postcss-normalize-unicode': [ '5.1.1' ],
90 silly audit   'postcss-normalize-url': [ '5.1.0' ],
90 silly audit   'postcss-normalize-whitespace': [ '5.1.1' ],
90 silly audit   'postcss-opacity-percentage': [ '1.1.3' ],
90 silly audit   'postcss-ordered-values': [ '5.1.3' ],
90 silly audit   'postcss-overflow-shorthand': [ '3.0.4' ],
90 silly audit   'postcss-page-break': [ '3.0.4' ],
90 silly audit   'postcss-place': [ '7.0.5' ],
90 silly audit   'postcss-preset-env': [ '7.8.3' ],
90 silly audit   'postcss-pseudo-class-any-link': [ '7.1.6' ],
90 silly audit   'postcss-reduce-initial': [ '5.1.2' ],
90 silly audit   'postcss-reduce-transforms': [ '5.1.0' ],
90 silly audit   'postcss-replace-overflow-wrap': [ '4.0.0' ],
90 silly audit   'postcss-selector-not': [ '6.0.1' ],
90 silly audit   'postcss-svgo': [ '5.1.0' ],
90 silly audit   svgo: [ '2.8.0', '1.3.2' ],
90 silly audit   'postcss-unique-selectors': [ '5.1.1' ],
90 silly audit   'postcss-value-parser': [ '4.2.0' ],
90 silly audit   'prelude-ls': [ '1.2.1', '1.1.2' ],
90 silly audit   'pretty-bytes': [ '5.6.0' ],
90 silly audit   'pretty-error': [ '4.0.0' ],
90 silly audit   'process-nextick-args': [ '2.0.1' ],
90 silly audit   promise: [ '8.3.0' ],
90 silly audit   prompts: [ '2.4.2' ],
90 silly audit   'prop-types': [ '15.8.1' ],
90 silly audit   'proxy-addr': [ '2.0.7' ],
90 silly audit   'proxy-from-env': [ '1.1.0' ],
90 silly audit   psl: [ '1.15.0' ],
90 silly audit   punycode: [ '2.3.1' ],
90 silly audit   q: [ '1.5.1' ],
90 silly audit   qs: [ '6.14.0' ],
90 silly audit   querystringify: [ '2.2.0' ],
90 silly audit   'queue-microtask': [ '1.2.3' ],
90 silly audit   raf: [ '3.4.1' ],
90 silly audit   'raf-schd': [ '4.0.3' ],
90 silly audit   randombytes: [ '2.1.0' ],
90 silly audit   'range-parser': [ '1.2.1' ],
90 silly audit   'raw-body': [ '2.5.3' ],
90 silly audit   react: [ '18.3.1' ],
90 silly audit   'react-app-polyfill': [ '3.0.0' ],
90 silly audit   'react-beautiful-dnd': [ '13.1.1' ],
90 silly audit   'react-calendar': [ '5.1.0' ],
90 silly audit   'react-dev-utils': [ '12.0.1' ],
90 silly audit   'react-dom': [ '18.3.1' ],
90 silly audit   'react-error-overlay': [ '6.1.0' ],
90 silly audit   'react-leaflet': [ '5.0.0' ],
90 silly audit   'react-redux': [ '7.2.9' ],
90 silly audit   'react-refresh': [ '0.11.0' ],
90 silly audit   'react-router': [ '7.1.1' ],
90 silly audit   'react-router-dom': [ '7.1.1' ],
90 silly audit   'react-scripts': [ '5.0.1' ],
90 silly audit   'read-cache': [ '1.0.0' ],
90 silly audit   readdirp: [ '3.6.0' ],
90 silly audit   'recursive-readdir': [ '2.2.3' ],
90 silly audit   redent: [ '3.0.0' ],
90 silly audit   redux: [ '4.2.1' ],
90 silly audit   'reflect.getprototypeof': [ '1.0.10' ],
90 silly audit   regenerate: [ '1.4.2' ],
90 silly audit   'regenerate-unicode-properties': [ '10.2.2' ],
90 silly audit   'regenerator-runtime': [ '0.13.11' ],
90 silly audit   'regex-parser': [ '2.3.1' ],
90 silly audit   'regexp.prototype.flags': [ '1.5.4' ],
90 silly audit   'regexpu-core': [ '6.4.0' ],
90 silly audit   regjsgen: [ '0.8.0' ],
90 silly audit   regjsparser: [ '0.13.0' ],
90 silly audit   relateurl: [ '0.2.7' ],
90 silly audit   renderkid: [ '3.0.0' ],
90 silly audit   'require-directory': [ '2.1.1' ],
90 silly audit   'require-from-string': [ '2.0.2' ],
90 silly audit   'requires-port': [ '1.0.0' ],
90 silly audit   'resolve-cwd': [ '3.0.0' ],
90 silly audit   'resolve-url-loader': [ '4.0.0' ],
90 silly audit   'resolve.exports': [ '1.1.1' ],
90 silly audit   retry: [ '0.13.1' ],
90 silly audit   reusify: [ '1.1.0' ],
90 silly audit   rimraf: [ '3.0.2' ],
90 silly audit   rollup: [ '2.79.2' ],
90 silly audit   'rollup-plugin-terser': [ '7.0.2' ],
90 silly audit   'serialize-javascript': [ '4.0.0', '6.0.2' ],
90 silly audit   'run-parallel': [ '1.2.0' ],
90 silly audit   'safe-array-concat': [ '1.1.3' ],
90 silly audit   'safe-push-apply': [ '1.0.0' ],
90 silly audit   'safe-regex-test': [ '1.1.0' ],
90 silly audit   'safer-buffer': [ '2.1.2' ],
90 silly audit   'sanitize.css': [ '13.0.0' ],
90 silly audit   'sass-loader': [ '12.6.0' ],
90 silly audit   sax: [ '1.2.4' ],
90 silly audit   saxes: [ '5.0.1' ],
90 silly audit   scheduler: [ '0.23.2' ],
90 silly audit   'select-hose': [ '2.0.0' ],
90 silly audit   selfsigned: [ '2.4.1' ],
90 silly audit   send: [ '0.19.1', '0.19.0' ],
90 silly audit   statuses: [ '2.0.1', '1.5.0', '2.0.2' ],
90 silly audit   'serve-index': [ '1.9.1' ],
90 silly audit   setprototypeof: [ '1.1.0', '1.2.0' ],
90 silly audit   'serve-static': [ '1.16.2' ],
90 silly audit   'set-cookie-parser': [ '2.7.2' ],
90 silly audit   'set-function-length': [ '1.2.2' ],
90 silly audit   'set-function-name': [ '2.0.2' ],
90 silly audit   'set-proto': [ '1.0.0' ],
90 silly audit   'shebang-command': [ '2.0.0' ],
90 silly audit   'shebang-regex': [ '3.0.0' ],
90 silly audit   'shell-quote': [ '1.8.3' ],
90 silly audit   'side-channel': [ '1.1.0' ],
90 silly audit   'side-channel-list': [ '1.0.0' ],
90 silly audit   'side-channel-map': [ '1.0.1' ],
90 silly audit   'side-channel-weakmap': [ '1.0.2' ],
90 silly audit   'signal-exit': [ '3.0.7' ],
90 silly audit   sisteransi: [ '1.0.5' ],
90 silly audit   sockjs: [ '0.3.24' ],
90 silly audit   'source-list-map': [ '2.0.1' ],
90 silly audit   'source-map-js': [ '1.2.1' ],
90 silly audit   'source-map-loader': [ '3.0.2' ],
90 silly audit   'source-map-support': [ '0.5.21' ],
90 silly audit   'sourcemap-codec': [ '1.4.8' ],
90 silly audit   spdy: [ '4.0.2' ],
90 silly audit   'spdy-transport': [ '3.0.0' ],
90 silly audit   'sprintf-js': [ '1.0.3' ],
90 silly audit   stable: [ '0.1.8' ],
90 silly audit   'stack-utils': [ '2.0.6' ],
90 silly audit   stackframe: [ '1.3.4' ],
90 silly audit   'static-eval': [ '2.0.2' ],
90 silly audit   'type-check': [ '0.3.2', '0.4.0' ],
90 silly audit   'stop-iteration-iterator': [ '1.1.0' ],
90 silly audit   'string-natural-compare': [ '3.0.1' ],
90 silly audit   'string-width': [ '4.2.3' ],
90 silly audit   'string.prototype.includes': [ '2.0.1' ],
90 silly audit   'string.prototype.matchall': [ '4.0.12' ],
90 silly audit   'string.prototype.repeat': [ '1.0.0' ],
90 silly audit   'string.prototype.trim': [ '1.2.10' ],
90 silly audit   'string.prototype.trimend': [ '1.0.9' ],
90 silly audit   'string.prototype.trimstart': [ '1.0.8' ],
90 silly audit   'stringify-object': [ '3.3.0' ],
90 silly audit   'strip-bom': [ '4.0.0', '3.0.0' ],
90 silly audit   'strip-comments': [ '2.0.1' ],
90 silly audit   'strip-final-newline': [ '2.0.0' ],
90 silly audit   'strip-indent': [ '3.0.0' ],
90 silly audit   'strip-json-comments': [ '3.1.1' ],
90 silly audit   'style-loader': [ '3.3.4' ],
90 silly audit   stylehacks: [ '5.1.1' ],
90 silly audit   sucrase: [ '3.35.1' ],
90 silly audit   'supports-hyperlinks': [ '2.3.0' ],
90 silly audit   'supports-preserve-symlinks-flag': [ '1.0.0' ],
90 silly audit   'svg-parser': [ '2.0.4' ],
90 silly audit   'symbol-tree': [ '3.2.4' ],
90 silly audit   tailwindcss: [ '3.4.19' ],
90 silly audit   'postcss-load-config': [ '6.0.1' ],
90 silly audit   'temp-dir': [ '2.0.0' ],
90 silly audit   tempy: [ '0.6.0' ],
90 silly audit   'terminal-link': [ '2.1.1' ],
90 silly audit   terser: [ '5.44.1' ],
90 silly audit   'terser-webpack-plugin': [ '5.3.15' ],
90 silly audit   'test-exclude': [ '6.0.0' ],
90 silly audit   'text-table': [ '0.2.0' ],
90 silly audit   thenify: [ '3.3.1' ],
90 silly audit   'thenify-all': [ '1.6.0' ],
90 silly audit   throat: [ '6.0.2' ],
90 silly audit   thunky: [ '1.1.0' ],
90 silly audit   'tiny-invariant': [ '1.3.3' ],
90 silly audit   tinyglobby: [ '0.2.15' ],
90 silly audit   fdir: [ '6.5.0' ],
90 silly audit   tmpl: [ '1.0.5' ],
90 silly audit   'to-regex-range': [ '5.0.1' ],
90 silly audit   toidentifier: [ '1.0.1' ],
90 silly audit   'tough-cookie': [ '4.1.4' ],
90 silly audit   universalify: [ '0.2.0', '2.0.1' ],
90 silly audit   tr46: [ '2.1.0', '1.0.1' ],
90 silly audit   tryer: [ '1.0.1' ],
90 silly audit   'ts-interface-checker': [ '0.1.13' ],
90 silly audit   'tsconfig-paths': [ '3.15.0' ],
90 silly audit   tslib: [ '2.8.1', '1.14.1' ],
90 silly audit   tsutils: [ '3.21.0' ],
90 silly audit   'turbo-stream': [ '2.4.0' ],
90 silly audit   'type-detect': [ '4.0.8' ],
90 silly audit   'type-is': [ '1.6.18' ],
90 silly audit   'typed-array-buffer': [ '1.0.3' ],
90 silly audit   'typed-array-byte-length': [ '1.0.3' ],
90 silly audit   'typed-array-byte-offset': [ '1.0.4' ],
90 silly audit   'typed-array-length': [ '1.0.7' ],
90 silly audit   'typedarray-to-buffer': [ '3.1.5' ],
90 silly audit   typescript: [ '4.4.4' ],
90 silly audit   'unbox-primitive': [ '1.1.0' ],
90 silly audit   underscore: [ '1.12.1' ],
90 silly audit   'undici-types': [ '7.16.0', '6.21.0' ],
90 silly audit   'unicode-canonical-property-names-ecmascript': [ '2.0.1' ],
90 silly audit   'unicode-match-property-ecmascript': [ '2.0.0' ],
90 silly audit   'unicode-match-property-value-ecmascript': [ '2.2.1' ],
90 silly audit   'unicode-property-aliases-ecmascript': [ '2.2.0' ],
90 silly audit   'unique-string': [ '2.0.0' ],
90 silly audit   unpipe: [ '1.0.0' ],
90 silly audit   unquote: [ '1.1.1' ],
90 silly audit   upath: [ '1.2.0' ],
90 silly audit   'update-browserslist-db': [ '1.2.2' ],
90 silly audit   'uri-js': [ '4.4.1' ],
90 silly audit   'url-parse': [ '1.5.10' ],
90 silly audit   'use-memo-one': [ '1.1.3' ],
90 silly audit   'util-deprecate': [ '1.0.2' ],
90 silly audit   'util.promisify': [ '1.0.1' ],
90 silly audit   utila: [ '0.4.0' ],
90 silly audit   'utils-merge': [ '1.0.1' ],
90 silly audit   uuid: [ '8.3.2' ],
90 silly audit   'v8-to-istanbul': [ '8.1.1' ],
90 silly audit   vary: [ '1.1.2' ],
90 silly audit   'w3c-hr-time': [ '1.0.2' ],
90 silly audit   'w3c-xmlserializer': [ '2.0.0' ],
90 silly audit   walker: [ '1.0.8' ],
90 silly audit   warning: [ '4.0.3' ],
90 silly audit   watchpack: [ '2.4.4' ],
90 silly audit   wbuf: [ '1.7.3' ],
90 silly audit   'web-vitals': [ '2.1.4' ],
90 silly audit   webpack: [ '5.103.0' ],
90 silly audit   'webpack-dev-middleware': [ '5.3.4' ],
90 silly audit   'webpack-dev-server': [ '4.15.2' ],
90 silly audit   ws: [ '8.18.3', '7.5.10' ],
90 silly audit   'webpack-manifest-plugin': [ '4.1.1' ],
90 silly audit   'webpack-sources': [ '2.3.1', '3.3.3', '1.4.3' ],
90 silly audit   'websocket-driver': [ '0.7.4' ],
90 silly audit   'websocket-extensions': [ '0.1.4' ],
90 silly audit   'whatwg-encoding': [ '1.0.5' ],
90 silly audit   'whatwg-fetch': [ '3.6.20' ],
90 silly audit   'whatwg-mimetype': [ '2.3.0' ],
90 silly audit   'whatwg-url': [ '8.7.0', '7.1.0' ],
90 silly audit   'which-boxed-primitive': [ '1.1.1' ],
90 silly audit   'which-builtin-type': [ '1.2.1' ],
90 silly audit   'which-collection': [ '1.0.2' ],
90 silly audit   'which-typed-array': [ '1.1.19' ],
90 silly audit   'word-wrap': [ '1.2.5' ],
90 silly audit   'workbox-background-sync': [ '6.6.0' ],
90 silly audit   'workbox-broadcast-update': [ '6.6.0' ],
90 silly audit   'workbox-build': [ '6.6.0' ],
90 silly audit   '@apideck/better-ajv-errors': [ '0.3.6' ],
90 silly audit   'workbox-cacheable-response': [ '6.6.0' ],
90 silly audit   'workbox-core': [ '6.6.0' ],
90 silly audit   'workbox-expiration': [ '6.6.0' ],
90 silly audit   'workbox-google-analytics': [ '6.6.0' ],
90 silly audit   'workbox-navigation-preload': [ '6.6.0' ],
90 silly audit   'workbox-precaching': [ '6.6.0' ],
90 silly audit   'workbox-range-requests': [ '6.6.0' ],
90 silly audit   'workbox-recipes': [ '6.6.0' ],
90 silly audit   'workbox-routing': [ '6.6.0' ],
90 silly audit   'workbox-strategies': [ '6.6.0' ],
90 silly audit   'workbox-streams': [ '6.6.0' ],
90 silly audit   'workbox-sw': [ '6.6.0' ],
90 silly audit   'workbox-webpack-plugin': [ '6.6.0' ],
90 silly audit   'workbox-window': [ '6.6.0' ],
90 silly audit   'wrap-ansi': [ '7.0.0' ],
90 silly audit   wrappy: [ '1.0.2' ],
90 silly audit   'write-file-atomic': [ '3.0.3' ],
90 silly audit   'xml-name-validator': [ '3.0.0' ],
90 silly audit   xmlchars: [ '2.2.0' ],
90 silly audit   y18n: [ '5.0.8' ],
90 silly audit   yallist: [ '3.1.1' ],
90 silly audit   yaml: [ '1.10.2' ],
90 silly audit   yargs: [ '16.2.0' ],
90 silly audit   'yargs-parser': [ '20.2.9' ],
90 silly audit   'yocto-queue': [ '0.1.0' ],
90 silly audit   pptxgenjs: [ '4.0.1' ],
90 silly audit   https: [ '1.0.0' ],
90 silly audit   'image-size': [ '1.2.1' ],
90 silly audit   jszip: [ '3.10.1' ],
90 silly audit   queue: [ '6.0.2' ],
90 silly audit   lie: [ '3.3.0' ],
90 silly audit   pako: [ '1.0.11' ],
90 silly audit   setimmediate: [ '1.0.5' ],
90 silly audit   immediate: [ '3.0.6' ]
90 silly audit }
91 http cache pako@https://registry.npmjs.org/pako/-/pako-1.0.11.tgz 0ms (cache hit)
92 http cache immediate@https://registry.npmjs.org/immediate/-/immediate-3.0.6.tgz 0ms (cache hit)
93 http cache lie@https://registry.npmjs.org/lie/-/lie-3.3.0.tgz 0ms (cache hit)
94 http cache setimmediate@https://registry.npmjs.org/setimmediate/-/setimmediate-1.0.5.tgz 0ms (cache hit)
95 http cache queue@https://registry.npmjs.org/queue/-/queue-6.0.2.tgz 0ms (cache hit)
96 http cache jszip@https://registry.npmjs.org/jszip/-/jszip-3.10.1.tgz 0ms (cache hit)
97 http cache pptxgenjs@https://registry.npmjs.org/pptxgenjs/-/pptxgenjs-4.0.1.tgz 0ms (cache hit)
98 http cache isarray@https://registry.npmjs.org/isarray/-/isarray-1.0.0.tgz 0ms (cache hit)
99 http cache image-size@https://registry.npmjs.org/image-size/-/image-size-1.2.1.tgz 0ms (cache hit)
100 http cache https@https://registry.npmjs.org/https/-/https-1.0.0.tgz 0ms (cache hit)
101 http cache string_decoder@https://registry.npmjs.org/string_decoder/-/string_decoder-1.1.1.tgz 0ms (cache hit)
102 http cache undici-types@https://registry.npmjs.org/undici-types/-/undici-types-6.21.0.tgz 0ms (cache hit)
103 http cache safe-buffer@https://registry.npmjs.org/safe-buffer/-/safe-buffer-5.1.2.tgz 0ms (cache hit)
104 silly tarball no local data for pako@https://registry.npmjs.org/pako/-/pako-1.0.11.tgz. Extracting by manifest.
105 silly tarball no local data for immediate@https://registry.npmjs.org/immediate/-/immediate-3.0.6.tgz. Extracting by manifest.
106 silly tarball no local data for lie@https://registry.npmjs.org/lie/-/lie-3.3.0.tgz. Extracting by manifest.
107 silly tarball no local data for setimmediate@https://registry.npmjs.org/setimmediate/-/setimmediate-1.0.5.tgz. Extracting by manifest.
108 http cache @types/node@https://registry.npmjs.org/@types/node/-/node-22.19.2.tgz 0ms (cache hit)
109 http cache readable-stream@https://registry.npmjs.org/readable-stream/-/readable-stream-2.3.8.tgz 0ms (cache hit)
110 silly tarball no local data for queue@https://registry.npmjs.org/queue/-/queue-6.0.2.tgz. Extracting by manifest.
111 silly tarball no local data for jszip@https://registry.npmjs.org/jszip/-/jszip-3.10.1.tgz. Extracting by manifest.
112 silly tarball no local data for pptxgenjs@https://registry.npmjs.org/pptxgenjs/-/pptxgenjs-4.0.1.tgz. Extracting by manifest.
113 silly tarball no local data for isarray@https://registry.npmjs.org/isarray/-/isarray-1.0.0.tgz. Extracting by manifest.
114 silly tarball no local data for image-size@https://registry.npmjs.org/image-size/-/image-size-1.2.1.tgz. Extracting by manifest.
115 silly tarball no local data for https@https://registry.npmjs.org/https/-/https-1.0.0.tgz. Extracting by manifest.
116 silly tarball no local data for string_decoder@https://registry.npmjs.org/string_decoder/-/string_decoder-1.1.1.tgz. Extracting by manifest.
117 silly tarball no local data for undici-types@https://registry.npmjs.org/undici-types/-/undici-types-6.21.0.tgz. Extracting by manifest.
118 silly tarball no local data for safe-buffer@https://registry.npmjs.org/safe-buffer/-/safe-buffer-5.1.2.tgz. Extracting by manifest.
119 silly tarball no local data for @types/node@https://registry.npmjs.org/@types/node/-/node-22.19.2.tgz. Extracting by manifest.
120 silly tarball no local data for readable-stream@https://registry.npmjs.org/readable-stream/-/readable-stream-2.3.8.tgz. Extracting by manifest.
121 http fetch POST 200 https://registry.npmjs.org/-/npm/v1/security/advisories/bulk 569ms
122 silly audit report {
122 silly audit report   axios: [
122 silly audit report     {
122 silly audit report       id: 1108263,
122 silly audit report       url: 'https://github.com/advisories/GHSA-4hjh-wcwx-xvwj',
122 silly audit report       title: 'Axios is vulnerable to DoS attack through lack of data size check',
122 silly audit report       severity: 'high',
122 silly audit report       vulnerable_versions: '>=1.0.0 <1.12.0',
122 silly audit report       cwe: [Array],
122 silly audit report       cvss: [Object]
122 silly audit report     }
122 silly audit report   ],
122 silly audit report   'nth-check': [
122 silly audit report     {
122 silly audit report       id: 1095141,
122 silly audit report       url: 'https://github.com/advisories/GHSA-rp65-9cf3-cjxr',
122 silly audit report       title: 'Inefficient Regular Expression Complexity in nth-check',
122 silly audit report       severity: 'high',
122 silly audit report       vulnerable_versions: '<2.0.1',
122 silly audit report       cwe: [Array],
122 silly audit report       cvss: [Object]
122 silly audit report     }
122 silly audit report   ],
122 silly audit report   postcss: [
122 silly audit report     {
122 silly audit report       id: 1109574,
122 silly audit report       url: 'https://github.com/advisories/GHSA-7fh5-64p2-3v2j',
122 silly audit report       title: 'PostCSS line return parsing error',
122 silly audit report       severity: 'moderate',
122 silly audit report       vulnerable_versions: '<8.4.31',
122 silly audit report       cwe: [Array],
122 silly audit report       cvss: [Object]
122 silly audit report     }
122 silly audit report   ],
122 silly audit report   'react-router': [
122 silly audit report     {
122 silly audit report       id: 1104042,
122 silly audit report       url: 'https://github.com/advisories/GHSA-cpj6-fhp6-mr6j',
122 silly audit report       title: 'React Router allows pre-render data spoofing on React-Router framework mode',
122 silly audit report       severity: 'high',
122 silly audit report       vulnerable_versions: '>=7.0 <=7.5.1',
122 silly audit report       cwe: [Array],
122 silly audit report       cvss: [Object]
122 silly audit report     }
122 silly audit report   ],
122 silly audit report   'webpack-dev-server': [
122 silly audit report     {
122 silly audit report       id: 1108429,
122 silly audit report       url: 'https://github.com/advisories/GHSA-9jgg-88mc-972h',
122 silly audit report       title: "webpack-dev-server users' source code may be stolen when they access a malicious web site with non-Chromium based browser",
122 silly audit report       severity: 'moderate',
122 silly audit report       vulnerable_versions: '<=5.2.0',
122 silly audit report       cwe: [Array],
122 silly audit report       cvss: [Object]
122 silly audit report     },
122 silly audit report     {
122 silly audit report       id: 1108430,
122 silly audit report       url: 'https://github.com/advisories/GHSA-4v9v-hfq4-rm2v',
122 silly audit report       title: "webpack-dev-server users' source code may be stolen when they access a malicious web site",
122 silly audit report       severity: 'moderate',
122 silly audit report       vulnerable_versions: '<=5.2.0',
122 silly audit report       cwe: [Array],
122 silly audit report       cvss: [Object]
122 silly audit report     }
122 silly audit report   ]
122 silly audit report }
123 silly packumentCache corgi:https://registry.npmjs.org/axios cache-miss
124 silly packumentCache corgi:https://registry.npmjs.org/nth-check cache-miss
125 silly packumentCache corgi:https://registry.npmjs.org/postcss cache-miss
126 silly packumentCache corgi:https://registry.npmjs.org/react-router cache-miss
127 silly packumentCache corgi:https://registry.npmjs.org/webpack-dev-server cache-miss
128 http fetch GET 200 https://registry.npmjs.org/https/-/https-1.0.0.tgz 711ms (cache miss)
129 http fetch GET 200 https://registry.npmjs.org/setimmediate/-/setimmediate-1.0.5.tgz 732ms (cache miss)
130 http fetch GET 200 https://registry.npmjs.org/string_decoder/-/string_decoder-1.1.1.tgz 755ms (cache miss)
131 http fetch GET 200 https://registry.npmjs.org/isarray/-/isarray-1.0.0.tgz 800ms (cache miss)
132 http fetch GET 200 https://registry.npmjs.org/queue/-/queue-6.0.2.tgz 811ms (cache miss)
133 http fetch GET 200 https://registry.npmjs.org/immediate/-/immediate-3.0.6.tgz 842ms (cache miss)
134 http fetch GET 200 https://registry.npmjs.org/nth-check 332ms (cache miss)
135 silly packumentCache corgi:https://registry.npmjs.org/nth-check set size:undefined disposed:false
136 http fetch GET 200 https://registry.npmjs.org/safe-buffer/-/safe-buffer-5.1.2.tgz 859ms (cache miss)
137 http fetch GET 200 https://registry.npmjs.org/lie/-/lie-3.3.0.tgz 991ms (cache miss)
138 http fetch GET 200 https://registry.npmjs.org/axios 506ms (cache miss)
139 silly packumentCache corgi:https://registry.npmjs.org/axios set size:undefined disposed:false
140 http fetch GET 200 https://registry.npmjs.org/postcss 562ms (cache miss)
141 silly packumentCache corgi:https://registry.npmjs.org/postcss set size:undefined disposed:false
142 http fetch GET 200 https://registry.npmjs.org/webpack-dev-server 583ms (cache miss)
143 silly packumentCache corgi:https://registry.npmjs.org/webpack-dev-server set size:undefined disposed:false
144 http fetch GET 200 https://registry.npmjs.org/react-router 785ms (cache miss)
145 silly packumentCache corgi:https://registry.npmjs.org/react-router set size:undefined disposed:false
146 silly packumentCache corgi:https://registry.npmjs.org/css-select cache-miss
147 http fetch GET 200 https://registry.npmjs.org/readable-stream/-/readable-stream-2.3.8.tgz 1446ms (cache miss)
148 http fetch GET 200 https://registry.npmjs.org/css-select 89ms (cache miss)
149 silly packumentCache corgi:https://registry.npmjs.org/css-select set size:undefined disposed:false
150 http fetch GET 200 https://registry.npmjs.org/undici-types/-/undici-types-6.21.0.tgz 1520ms (cache miss)
151 silly packumentCache corgi:https://registry.npmjs.org/resolve-url-loader cache-miss
152 http fetch GET 200 https://registry.npmjs.org/resolve-url-loader 87ms (cache miss)
153 silly packumentCache corgi:https://registry.npmjs.org/resolve-url-loader set size:undefined disposed:false
154 silly packumentCache corgi:https://registry.npmjs.org/react-router-dom cache-miss
155 http fetch GET 200 https://registry.npmjs.org/pako/-/pako-1.0.11.tgz 1702ms (cache miss)
156 http fetch GET 200 https://registry.npmjs.org/pptxgenjs/-/pptxgenjs-4.0.1.tgz 1716ms (cache miss)
157 http fetch GET 200 https://registry.npmjs.org/react-router-dom 110ms (cache miss)
158 silly packumentCache corgi:https://registry.npmjs.org/react-router-dom set size:undefined disposed:false
159 silly packumentCache corgi:https://registry.npmjs.org/react-scripts cache-miss
160 http fetch GET 200 https://registry.npmjs.org/image-size/-/image-size-1.2.1.tgz 2687ms (cache miss)
161 http fetch GET 200 https://registry.npmjs.org/jszip/-/jszip-3.10.1.tgz 2696ms (cache miss)
162 http fetch GET 200 https://registry.npmjs.org/react-scripts 100ms (cache miss)
163 silly packumentCache corgi:https://registry.npmjs.org/react-scripts set size:undefined disposed:false
164 silly packumentCache corgi:https://registry.npmjs.org/svgo cache-miss
165 http fetch GET 200 https://registry.npmjs.org/svgo 63ms (cache miss)
166 silly packumentCache corgi:https://registry.npmjs.org/svgo set size:undefined disposed:false
167 silly packumentCache corgi:https://registry.npmjs.org/@svgr%2fplugin-svgo cache-miss
168 http fetch GET 200 https://registry.npmjs.org/@types/node/-/node-22.19.2.tgz 3001ms (cache miss)
169 http fetch GET 200 https://registry.npmjs.org/@svgr%2fplugin-svgo 1955ms (cache miss)
170 silly packumentCache corgi:https://registry.npmjs.org/@svgr%2fplugin-svgo set size:undefined disposed:false
171 silly packumentCache corgi:https://registry.npmjs.org/@svgr%2fwebpack cache-miss
172 http fetch GET 200 https://registry.npmjs.org/@svgr%2fwebpack 388ms (cache miss)
173 silly packumentCache corgi:https://registry.npmjs.org/@svgr%2fwebpack set size:undefined disposed:false
174 silly ADD node_modules/immediate
175 silly ADD node_modules/setimmediate
176 silly ADD node_modules/pako
177 silly ADD node_modules/lie
178 silly ADD node_modules/queue
179 silly ADD node_modules/jszip
180 silly ADD node_modules/jszip/node_modules/string_decoder
181 silly ADD node_modules/jszip/node_modules/safe-buffer
182 silly ADD node_modules/jszip/node_modules/isarray
183 silly ADD node_modules/jszip/node_modules/readable-stream
184 silly ADD node_modules/image-size
185 silly ADD node_modules/https
186 silly ADD node_modules/pptxgenjs
187 silly ADD node_modules/pptxgenjs/node_modules/undici-types
188 silly ADD node_modules/pptxgenjs/node_modules/@types/node
189 verbose cwd c:\Users\M.S.Seshashayanan\Desktop\Google DeepMind\cd
190 verbose os Windows_NT 10.0.22621
191 verbose node v24.11.1
192 verbose npm  v11.6.4
193 verbose exit 0
194 info ok
