0 verbose cli C:\nvm4w\nodejs\node.exe C:\Users\M.S.Seshashayanan\AppData\Roaming\npm\node_modules\npm\bin\npm-cli.js
1 info using npm@11.6.4
2 info using node@v24.11.1
3 silly config load:file:C:\Users\M.S.Seshashayanan\AppData\Roaming\npm\node_modules\npm\npmrc
4 silly config load:file:c:\Users\M.S.Seshashayanan\Desktop\Google DeepMind\cd\.npmrc
5 silly config load:file:C:\Users\M.S.Seshashayanan\.npmrc
6 silly config load:file:C:\Users\M.S.Seshashayanan\AppData\Roaming\npm\etc\npmrc
7 verbose title npm install pptxgenjs
8 verbose argv "install" "pptxgenjs" "--cache" ".npm-cache"
9 verbose logfile logs-max:10 dir:c:\Users\M.S.Seshashayanan\Desktop\Google DeepMind\cd\.npm-cache\_logs\2025-12-11T19_52_26_016Z-
10 verbose logfile c:\Users\M.S.Seshashayanan\Desktop\Google DeepMind\cd\.npm-cache\_logs\2025-12-11T19_52_26_016Z-debug-0.log
11 silly logfile done cleaning log files
12 silly packumentCache heap:2348810240 maxSize:587202560 maxEntrySize:293601280
13 silly idealTree buildDeps
14 silly fetch manifest pptxgenjs@*
15 silly packumentCache full:https://registry.npmjs.org/pptxgenjs cache-miss
16 http fetch GET 200 https://registry.npmjs.org/npm 1410ms
17 http fetch GET 200 https://registry.npmjs.org/pptxgenjs 779ms (cache miss)
18 silly packumentCache full:https://registry.npmjs.org/pptxgenjs set size:undefined disposed:false
19 silly placeDep ROOT pptxgenjs@4.0.1 OK for: cd@0.1.0 want: *
20 silly fetch manifest @types/node@^22.8.1
21 silly packumentCache full:https://registry.npmjs.org/@types%2fnode cache-miss
22 silly fetch manifest https@^1.0.0
23 silly packumentCache full:https://registry.npmjs.org/https cache-miss
24 silly fetch manifest image-size@^1.2.1
25 silly packumentCache full:https://registry.npmjs.org/image-size cache-miss
26 silly fetch manifest jszip@^3.10.1
27 silly packumentCache full:https://registry.npmjs.org/jszip cache-miss
28 http fetch GET 200 https://registry.npmjs.org/https 78ms (cache miss)
29 silly packumentCache full:https://registry.npmjs.org/https set size:undefined disposed:false
30 http fetch GET 200 https://registry.npmjs.org/image-size 118ms (cache miss)
31 silly packumentCache full:https://registry.npmjs.org/image-size set size:undefined disposed:false
32 http fetch GET 200 https://registry.npmjs.org/jszip 166ms (cache miss)
33 silly packumentCache full:https://registry.npmjs.org/jszip set size:undefined disposed:false
34 http fetch GET 200 https://registry.npmjs.org/@types%2fnode 287ms (cache miss)
35 silly packumentCache full:https://registry.npmjs.org/@types%2fnode set size:undefined disposed:false
36 silly fetch manifest react@^19.0.0
37 silly packumentCache full:https://registry.npmjs.org/react cache-miss
38 http fetch GET 200 https://registry.npmjs.org/react 395ms (cache miss)
39 silly packumentCache full:https://registry.npmjs.org/react set size:undefined disposed:false
40 silly fetch manifest react-dom@^19.0.0
41 silly packumentCache full:https://registry.npmjs.org/react-dom cache-miss
42 http fetch GET 200 https://registry.npmjs.org/react-dom 219ms (cache miss)
43 silly packumentCache full:https://registry.npmjs.org/react-dom set size:undefined disposed:false
44 warn ERESOLVE overriding peer dependency {
44 warn ERESOLVE   code: 'ERESOLVE',
44 warn ERESOLVE   edge: {
44 warn ERESOLVE     type: 'peer',
44 warn ERESOLVE     name: 'react',
44 warn ERESOLVE     spec: '^19.0.0',
44 warn ERESOLVE     error: 'INVALID',
44 warn ERESOLVE     from: {
44 warn ERESOLVE       name: '@react-leaflet/core',
44 warn ERESOLVE       version: '3.0.0',
44 warn ERESOLVE       location: 'node_modules/@react-leaflet/core',
44 warn ERESOLVE       isWorkspace: false,
44 warn ERESOLVE       dependents: [Array]
44 warn ERESOLVE     }
44 warn ERESOLVE   },
44 warn ERESOLVE   dep: {
44 warn ERESOLVE     name: 'react',
44 warn ERESOLVE     version: '19.2.1',
44 warn ERESOLVE     whileInstalling: {
44 warn ERESOLVE       name: '@react-leaflet/core',
44 warn ERESOLVE       version: '3.0.0',
44 warn ERESOLVE       path: 'c:\\Users\\M.S.Seshashayanan\\Desktop\\Google DeepMind\\cd\\node_modules\\@react-leaflet\\core'
44 warn ERESOLVE     },
44 warn ERESOLVE     location: 'node_modules/react',
44 warn ERESOLVE     isWorkspace: false,
44 warn ERESOLVE     dependents: [ [Object] ]
44 warn ERESOLVE   },
44 warn ERESOLVE   force: false,
44 warn ERESOLVE   isMine: false,
44 warn ERESOLVE   strictPeerDeps: false,
44 warn ERESOLVE   current: {
44 warn ERESOLVE     name: 'react',
44 warn ERESOLVE     version: '18.3.1',
44 warn ERESOLVE     location: 'node_modules/react',
44 warn ERESOLVE     isWorkspace: false,
44 warn ERESOLVE     dependents: [
44 warn ERESOLVE       [Object], [Object],
44 warn ERESOLVE       [Object], [Object],
44 warn ERESOLVE       [Object], [Object],
44 warn ERESOLVE       [Object], [Object],
44 warn ERESOLVE       [Object], [Object],
44 warn ERESOLVE       [Object]
44 warn ERESOLVE     ]
44 warn ERESOLVE   },
44 warn ERESOLVE   peerConflict: {
44 warn ERESOLVE     current: {
44 warn ERESOLVE       name: 'react',
44 warn ERESOLVE       version: '18.3.1',
44 warn ERESOLVE       location: 'node_modules/react',
44 warn ERESOLVE       isWorkspace: false,
44 warn ERESOLVE       dependents: [Array]
44 warn ERESOLVE     },
44 warn ERESOLVE     peer: {
44 warn ERESOLVE       name: 'react',
44 warn ERESOLVE       version: '19.2.1',
44 warn ERESOLVE       whileInstalling: [Object],
44 warn ERESOLVE       location: 'node_modules/react',
44 warn ERESOLVE       isWorkspace: false,
44 warn ERESOLVE       dependents: [Array]
44 warn ERESOLVE     }
44 warn ERESOLVE   }
44 warn ERESOLVE }
45 warn ERESOLVE overriding peer dependency {
45 warn ERESOLVE   code: 'ERESOLVE',
45 warn ERESOLVE   edge: {
45 warn ERESOLVE     type: 'peer',
45 warn ERESOLVE     name: 'react-dom',
45 warn ERESOLVE     spec: '^19.0.0',
45 warn ERESOLVE     error: 'INVALID',
45 warn ERESOLVE     from: {
45 warn ERESOLVE       name: '@react-leaflet/core',
45 warn ERESOLVE       version: '3.0.0',
45 warn ERESOLVE       location: 'node_modules/@react-leaflet/core',
45 warn ERESOLVE       isWorkspace: false,
45 warn ERESOLVE       dependents: [Array]
45 warn ERESOLVE     }
45 warn ERESOLVE   },
45 warn ERESOLVE   dep: {
45 warn ERESOLVE     name: 'react-dom',
45 warn ERESOLVE     version: '19.2.1',
45 warn ERESOLVE     whileInstalling: {
45 warn ERESOLVE       name: '@react-leaflet/core',
45 warn ERESOLVE       version: '3.0.0',
45 warn ERESOLVE       path: 'c:\\Users\\M.S.Seshashayanan\\Desktop\\Google DeepMind\\cd\\node_modules\\@react-leaflet\\core'
45 warn ERESOLVE     },
45 warn ERESOLVE     location: 'node_modules/react-dom',
45 warn ERESOLVE     isWorkspace: false,
45 warn ERESOLVE     dependents: [ [Object] ]
45 warn ERESOLVE   },
45 warn ERESOLVE   force: false,
45 warn ERESOLVE   isMine: false,
45 warn ERESOLVE   strictPeerDeps: false,
45 warn ERESOLVE   current: {
45 warn ERESOLVE     name: 'react-dom',
45 warn ERESOLVE     version: '18.3.1',
45 warn ERESOLVE     location: 'node_modules/react-dom',
45 warn ERESOLVE     isWorkspace: false,
45 warn ERESOLVE     dependents: [ [Object], [Object], [Object], [Object], [Object], [Object] ]
45 warn ERESOLVE   },
45 warn ERESOLVE   peerConflict: {
45 warn ERESOLVE     current: {
45 warn ERESOLVE       name: 'react-dom',
45 warn ERESOLVE       version: '18.3.1',
45 warn ERESOLVE       location: 'node_modules/react-dom',
45 warn ERESOLVE       isWorkspace: false,
45 warn ERESOLVE       dependents: [Array]
45 warn ERESOLVE     },
45 warn ERESOLVE     peer: {
45 warn ERESOLVE       name: 'react-dom',
45 warn ERESOLVE       version: '19.2.1',
45 warn ERESOLVE       whileInstalling: [Object],
45 warn ERESOLVE       location: 'node_modules/react-dom',
45 warn ERESOLVE       isWorkspace: false,
45 warn ERESOLVE       dependents: [Array]
45 warn ERESOLVE     }
45 warn ERESOLVE   }
45 warn ERESOLVE }
46 silly placeDep node_modules/pptxgenjs @types/node@22.19.2 OK for: pptxgenjs@4.0.1 want: ^22.8.1
47 silly placeDep ROOT https@1.0.0 OK for: pptxgenjs@4.0.1 want: ^1.0.0
48 silly placeDep ROOT image-size@1.2.1 OK for: pptxgenjs@4.0.1 want: ^1.2.1
49 silly placeDep ROOT jszip@3.10.1 OK for: pptxgenjs@4.0.1 want: ^3.10.1
50 silly fetch manifest undici-types@~6.21.0
51 silly packumentCache full:https://registry.npmjs.org/undici-types cache-miss
52 silly fetch manifest queue@6.0.2
53 silly packumentCache full:https://registry.npmjs.org/queue cache-miss
54 silly fetch manifest lie@~3.3.0
55 silly packumentCache full:https://registry.npmjs.org/lie cache-miss
56 silly fetch manifest pako@~1.0.2
57 silly packumentCache full:https://registry.npmjs.org/pako cache-miss
58 silly fetch manifest setimmediate@^1.0.5
59 silly packumentCache full:https://registry.npmjs.org/setimmediate cache-miss
60 silly fetch manifest readable-stream@~2.3.6
61 silly packumentCache full:https://registry.npmjs.org/readable-stream cache-miss
62 http fetch GET 200 https://registry.npmjs.org/pako 77ms (cache miss)
63 silly packumentCache full:https://registry.npmjs.org/pako set size:undefined disposed:false
64 http fetch GET 200 https://registry.npmjs.org/undici-types 106ms (cache miss)
65 silly packumentCache full:https://registry.npmjs.org/undici-types set size:undefined disposed:false
66 http fetch GET 200 https://registry.npmjs.org/lie 109ms (cache miss)
67 silly packumentCache full:https://registry.npmjs.org/lie set size:undefined disposed:false
68 http fetch GET 200 https://registry.npmjs.org/setimmediate 129ms (cache miss)
69 silly packumentCache full:https://registry.npmjs.org/setimmediate set size:undefined disposed:false
70 http fetch GET 200 https://registry.npmjs.org/queue 139ms (cache miss)
71 silly packumentCache full:https://registry.npmjs.org/queue set size:undefined disposed:false
72 http fetch GET 200 https://registry.npmjs.org/readable-stream 146ms (cache miss)
73 silly packumentCache full:https://registry.npmjs.org/readable-stream set size:undefined disposed:false
74 silly placeDep ROOT queue@6.0.2 OK for: image-size@1.2.1 want: 6.0.2
75 silly placeDep ROOT lie@3.3.0 OK for: jszip@3.10.1 want: ~3.3.0
76 silly placeDep ROOT pako@1.0.11 OK for: jszip@3.10.1 want: ~1.0.2
77 silly placeDep node_modules/jszip readable-stream@2.3.8 OK for: jszip@3.10.1 want: ~2.3.6
78 silly placeDep ROOT setimmediate@1.0.5 OK for: jszip@3.10.1 want: ^1.0.5
79 silly fetch manifest immediate@~3.0.5
80 silly packumentCache full:https://registry.npmjs.org/immediate cache-miss
81 silly fetch manifest isarray@~1.0.0
82 silly packumentCache full:https://registry.npmjs.org/isarray cache-miss
83 silly fetch manifest safe-buffer@~5.1.1
84 silly packumentCache full:https://registry.npmjs.org/safe-buffer cache-miss
85 silly fetch manifest string_decoder@~1.1.1
86 silly packumentCache full:https://registry.npmjs.org/string_decoder cache-miss
87 http fetch GET 200 https://registry.npmjs.org/safe-buffer 48ms (cache miss)
88 silly packumentCache full:https://registry.npmjs.org/safe-buffer set size:undefined disposed:false
89 http fetch GET 200 https://registry.npmjs.org/string_decoder 51ms (cache miss)
90 silly packumentCache full:https://registry.npmjs.org/string_decoder set size:undefined disposed:false
91 http fetch GET 200 https://registry.npmjs.org/immediate 80ms (cache miss)
92 silly packumentCache full:https://registry.npmjs.org/immediate set size:undefined disposed:false
93 http fetch GET 200 https://registry.npmjs.org/isarray 94ms (cache miss)
94 silly packumentCache full:https://registry.npmjs.org/isarray set size:undefined disposed:false
95 silly placeDep ROOT immediate@3.0.6 OK for: lie@3.3.0 want: ~3.0.5
96 verbose stack Error: could not resolve
96 verbose stack     at PlaceDep.failPeerConflict (C:\Users\M.S.Seshashayanan\AppData\Roaming\npm\node_modules\npm\node_modules\@npmcli\arborist\lib\place-dep.js:503:25)
96 verbose stack     at new PlaceDep (C:\Users\M.S.Seshashayanan\AppData\Roaming\npm\node_modules\npm\node_modules\@npmcli\arborist\lib\place-dep.js:157:21)
96 verbose stack     at #buildDepStep (C:\Users\M.S.Seshashayanan\AppData\Roaming\npm\node_modules\npm\node_modules\@npmcli\arborist\lib\arborist\build-ideal-tree.js:934:18)
96 verbose stack     at async Arborist.buildIdealTree (C:\Users\M.S.Seshashayanan\AppData\Roaming\npm\node_modules\npm\node_modules\@npmcli\arborist\lib\arborist\build-ideal-tree.js:170:7)
96 verbose stack     at async Promise.all (index 1)
96 verbose stack     at async Arborist.reify (C:\Users\M.S.Seshashayanan\AppData\Roaming\npm\node_modules\npm\node_modules\@npmcli\arborist\lib\arborist\reify.js:110:5)
96 verbose stack     at async Install.exec (C:\Users\M.S.Seshashayanan\AppData\Roaming\npm\node_modules\npm\lib\commands\install.js:150:5)
96 verbose stack     at async Npm.exec (C:\Users\M.S.Seshashayanan\AppData\Roaming\npm\node_modules\npm\lib\npm.js:208:9)
96 verbose stack     at async module.exports (C:\Users\M.S.Seshashayanan\AppData\Roaming\npm\node_modules\npm\lib\cli\entry.js:67:5)
97 error code ERESOLVE
98 error ERESOLVE could not resolve
99 error
100 error While resolving: react-leaflet@5.0.0
100 error Found: react@18.3.1
100 error node_modules/react
100 error   peer react@"^18.0.0 || ^19.0.0" from @testing-library/react@16.3.0
100 error   node_modules/@testing-library/react
100 error     @testing-library/react@"^16.3.0" from the root project
100 error   peer react@"^16.5.1 || ^17.0.0 || ^18.0.0 || ^19.0.0" from lucide-react@0.469.0
100 error   node_modules/lucide-react
100 error     lucide-react@"0.469.0" from the root project
100 error   9 more (react-beautiful-dnd, react-calendar, react-dom, ...)
100 error
100 error Could not resolve dependency:
100 error peer react@"^19.0.0" from react-leaflet@5.0.0
100 error node_modules/react-leaflet
100 error   react-leaflet@"5.0.0" from the root project
100 error
100 error Conflicting peer dependency: react@19.2.1
100 error node_modules/react
100 error   peer react@"^19.0.0" from react-leaflet@5.0.0
100 error   node_modules/react-leaflet
100 error     react-leaflet@"5.0.0" from the root project
100 error
100 error Fix the upstream dependency conflict, or retry
100 error this command with --force or --legacy-peer-deps
100 error to accept an incorrect (and potentially broken) dependency resolution.
101 error
101 error
101 error For a full report see:
101 error c:\Users\M.S.Seshashayanan\Desktop\Google DeepMind\cd\.npm-cache\_logs\2025-12-11T19_52_26_016Z-eresolve-report.txt
102 silly unfinished npm timer reify 1765482746989
103 silly unfinished npm timer reify:loadTrees 1765482746992
104 silly unfinished npm timer idealTree:buildDeps 1765482748098
105 silly unfinished npm timer idealTree:node_modules/react-leaflet 1765482750382
106 verbose cwd c:\Users\M.S.Seshashayanan\Desktop\Google DeepMind\cd
107 verbose os Windows_NT 10.0.22621
108 verbose node v24.11.1
109 verbose npm  v11.6.4
110 notice
110 notice New minor version of npm available! 11.6.4 -> 11.7.0
110 notice Changelog: https://github.com/npm/cli/releases/tag/v11.7.0
110 notice To update run: npm install -g npm@11.7.0
110 notice  { force: true, Symbol(proc-log.meta): true }
111 verbose exit 1
112 verbose code 1
113 error A complete log of this run can be found in: c:\Users\M.S.Seshashayanan\Desktop\Google DeepMind\cd\.npm-cache\_logs\2025-12-11T19_52_26_016Z-debug-0.log
